ERROR - 2021-06-25 02:57:35 --> Duplicate entry '86581' for key 'PRIMARY'
CRITICAL - 2021-06-25 02:57:35 --> Duplicate entry '86581' for key 'PRIMARY'
#0 E:\Projects\htdocs\thinkframe_beanstalk\system\Database\MySQLi\Connection.php(329): mysqli->query('INSERT INTO `po...')
#1 E:\Projects\htdocs\thinkframe_beanstalk\system\Database\BaseConnection.php(732): CodeIgniter\Database\MySQLi\Connection->execute('INSERT INTO `po...')
#2 E:\Projects\htdocs\thinkframe_beanstalk\system\Database\BaseConnection.php(647): CodeIgniter\Database\BaseConnection->simpleQuery('INSERT INTO `po...')
#3 E:\Projects\htdocs\thinkframe_beanstalk\system\Database\BaseBuilder.php(2277): CodeIgniter\Database\BaseConnection->query('INSERT INTO `po...', Array, false)
#4 E:\Projects\htdocs\thinkframe_beanstalk\app\Controllers\Getdatainjson.php(840): CodeIgniter\Database\BaseBuilder->insert(Array)
#5 E:\Projects\htdocs\thinkframe_beanstalk\system\CodeIgniter.php(931): App\Controllers\Getdatainjson->add_powers_pending()
#6 E:\Projects\htdocs\thinkframe_beanstalk\system\CodeIgniter.php(439): CodeIgniter\CodeIgniter->runController(Object(App\Controllers\Getdatainjson))
#7 E:\Projects\htdocs\thinkframe_beanstalk\system\CodeIgniter.php(339): CodeIgniter\CodeIgniter->handleRequest(NULL, Object(Config\Cache), false)
#8 E:\Projects\htdocs\thinkframe_beanstalk\public\index.php(36): CodeIgniter\CodeIgniter->run()
#9 {main}
CRITICAL - 2021-06-25 17:26:21 --> There is no data to update.
#0 E:\Projects\htdocs\thinkframe_beanstalk\system\BaseModel.php(1668): CodeIgniter\Database\Exceptions\DataException::forEmptyDataset('update')
#1 E:\Projects\htdocs\thinkframe_beanstalk\system\BaseModel.php(880): CodeIgniter\BaseModel->transformDataToArray(NULL, 'update')
#2 E:\Projects\htdocs\thinkframe_beanstalk\system\Model.php(718): CodeIgniter\BaseModel->update(Array, NULL)
#3 E:\Projects\htdocs\thinkframe_beanstalk\app\Models\AuthModel.php(162): CodeIgniter\Model->update(Array)
#4 E:\Projects\htdocs\thinkframe_beanstalk\app\Libraries\AuthLibrary.php(795): App\Models\AuthModel->UpdateSelector(Array, '7c14090b17f5')
#5 E:\Projects\htdocs\thinkframe_beanstalk\app\Libraries\AuthLibrary.php(748): App\libraries\AuthLibrary->rememberMeReset('1', '7c14090b17f5')
#6 E:\Projects\htdocs\thinkframe_beanstalk\app\Controllers\Auth.php(57): App\libraries\AuthLibrary->checkCookie()
#7 E:\Projects\htdocs\thinkframe_beanstalk\system\CodeIgniter.php(931): App\Controllers\Auth->login()
#8 E:\Projects\htdocs\thinkframe_beanstalk\system\CodeIgniter.php(439): CodeIgniter\CodeIgniter->runController(Object(App\Controllers\Auth))
#9 E:\Projects\htdocs\thinkframe_beanstalk\system\CodeIgniter.php(339): CodeIgniter\CodeIgniter->handleRequest(NULL, Object(Config\Cache), false)
#10 E:\Projects\htdocs\thinkframe_beanstalk\public\index.php(36): CodeIgniter\CodeIgniter->run()
#11 {main}
CRITICAL - 2021-06-25 17:26:24 --> There is no data to update.
#0 E:\Projects\htdocs\thinkframe_beanstalk\system\BaseModel.php(1668): CodeIgniter\Database\Exceptions\DataException::forEmptyDataset('update')
#1 E:\Projects\htdocs\thinkframe_beanstalk\system\BaseModel.php(880): CodeIgniter\BaseModel->transformDataToArray(NULL, 'update')
#2 E:\Projects\htdocs\thinkframe_beanstalk\system\Model.php(718): CodeIgniter\BaseModel->update(Array, NULL)
#3 E:\Projects\htdocs\thinkframe_beanstalk\app\Models\AuthModel.php(162): CodeIgniter\Model->update(Array)
#4 E:\Projects\htdocs\thinkframe_beanstalk\app\Libraries\AuthLibrary.php(795): App\Models\AuthModel->UpdateSelector(Array, '7c14090b17f5')
#5 E:\Projects\htdocs\thinkframe_beanstalk\app\Libraries\AuthLibrary.php(748): App\libraries\AuthLibrary->rememberMeReset('1', '7c14090b17f5')
#6 E:\Projects\htdocs\thinkframe_beanstalk\app\Controllers\Auth.php(57): App\libraries\AuthLibrary->checkCookie()
#7 E:\Projects\htdocs\thinkframe_beanstalk\system\CodeIgniter.php(931): App\Controllers\Auth->login()
#8 E:\Projects\htdocs\thinkframe_beanstalk\system\CodeIgniter.php(439): CodeIgniter\CodeIgniter->runController(Object(App\Controllers\Auth))
#9 E:\Projects\htdocs\thinkframe_beanstalk\system\CodeIgniter.php(339): CodeIgniter\CodeIgniter->handleRequest(NULL, Object(Config\Cache), false)
#10 E:\Projects\htdocs\thinkframe_beanstalk\public\index.php(36): CodeIgniter\CodeIgniter->run()
#11 {main}
CRITICAL - 2021-06-25 20:52:55 --> updateBatch() called with no data
#0 E:\Projects\htdocs\thinkframe_beanstalk\app\Controllers\Getdatainjson.php(1964): CodeIgniter\Database\BaseBuilder->updateBatch(Array, 'power_id')
#1 E:\Projects\htdocs\thinkframe_beanstalk\system\CodeIgniter.php(931): App\Controllers\Getdatainjson->update_powers()
#2 E:\Projects\htdocs\thinkframe_beanstalk\system\CodeIgniter.php(439): CodeIgniter\CodeIgniter->runController(Object(App\Controllers\Getdatainjson))
#3 E:\Projects\htdocs\thinkframe_beanstalk\system\CodeIgniter.php(339): CodeIgniter\CodeIgniter->handleRequest(NULL, Object(Config\Cache), false)
#4 E:\Projects\htdocs\thinkframe_beanstalk\public\index.php(36): CodeIgniter\CodeIgniter->run()
#5 {main}
ERROR - 2021-06-25 21:03:29 --> Duplicate entry '91243' for key 'PRIMARY'
CRITICAL - 2021-06-25 21:03:29 --> Duplicate entry '91243' for key 'PRIMARY'
#0 E:\Projects\htdocs\thinkframe_beanstalk\system\Database\MySQLi\Connection.php(329): mysqli->query('INSERT INTO `po...')
#1 E:\Projects\htdocs\thinkframe_beanstalk\system\Database\BaseConnection.php(732): CodeIgniter\Database\MySQLi\Connection->execute('INSERT INTO `po...')
#2 E:\Projects\htdocs\thinkframe_beanstalk\system\Database\BaseConnection.php(647): CodeIgniter\Database\BaseConnection->simpleQuery('INSERT INTO `po...')
#3 E:\Projects\htdocs\thinkframe_beanstalk\system\Database\BaseBuilder.php(2277): CodeIgniter\Database\BaseConnection->query('INSERT INTO `po...', Array, false)
#4 E:\Projects\htdocs\thinkframe_beanstalk\app\Controllers\Getdatainjson.php(840): CodeIgniter\Database\BaseBuilder->insert(Array)
#5 E:\Projects\htdocs\thinkframe_beanstalk\system\CodeIgniter.php(931): App\Controllers\Getdatainjson->add_powers_pending()
#6 E:\Projects\htdocs\thinkframe_beanstalk\system\CodeIgniter.php(439): CodeIgniter\CodeIgniter->runController(Object(App\Controllers\Getdatainjson))
#7 E:\Projects\htdocs\thinkframe_beanstalk\system\CodeIgniter.php(339): CodeIgniter\CodeIgniter->handleRequest(NULL, Object(Config\Cache), false)
#8 E:\Projects\htdocs\thinkframe_beanstalk\public\index.php(36): CodeIgniter\CodeIgniter->run()
#9 {main}
