CRITICAL - 2021-07-12 02:43:03 --> Call to undefined function form_error()
#0 E:\Projects\htdocs\thinkframe\system\View\View.php(230): include()
#1 E:\Projects\htdocs\thinkframe\system\View\View.php(232): CodeIgniter\View\View->CodeIgniter\View\{closure}()
#2 E:\Projects\htdocs\thinkframe\system\Common.php(1250): CodeIgniter\View\View->render('thinkframe/goog...', Array, true)
#3 E:\Projects\htdocs\thinkframe\app\Controllers\Googlesheet.php(27): view('thinkframe/goog...')
#4 E:\Projects\htdocs\thinkframe\system\CodeIgniter.php(931): App\Controllers\Googlesheet->index()
#5 E:\Projects\htdocs\thinkframe\system\CodeIgniter.php(439): CodeIgniter\CodeIgniter->runController(Object(App\Controllers\Googlesheet))
#6 E:\Projects\htdocs\thinkframe\system\CodeIgniter.php(339): CodeIgniter\CodeIgniter->handleRequest(NULL, Object(Config\Cache), false)
#7 E:\Projects\htdocs\thinkframe\public\index.php(36): CodeIgniter\CodeIgniter->run()
#8 {main}
CRITICAL - 2021-07-12 03:01:45 --> Call to undefined function form_error()
#0 E:\Projects\htdocs\thinkframe\system\View\View.php(230): include()
#1 E:\Projects\htdocs\thinkframe\system\View\View.php(232): CodeIgniter\View\View->CodeIgniter\View\{closure}()
#2 E:\Projects\htdocs\thinkframe\system\Common.php(1250): CodeIgniter\View\View->render('thinkframe/goog...', Array, true)
#3 E:\Projects\htdocs\thinkframe\app\Controllers\Googlesheet.php(27): view('thinkframe/goog...')
#4 E:\Projects\htdocs\thinkframe\system\CodeIgniter.php(931): App\Controllers\Googlesheet->index()
#5 E:\Projects\htdocs\thinkframe\system\CodeIgniter.php(439): CodeIgniter\CodeIgniter->runController(Object(App\Controllers\Googlesheet))
#6 E:\Projects\htdocs\thinkframe\system\CodeIgniter.php(339): CodeIgniter\CodeIgniter->handleRequest(NULL, Object(Config\Cache), false)
#7 E:\Projects\htdocs\thinkframe\public\index.php(36): CodeIgniter\CodeIgniter->run()
#8 {main}
CRITICAL - 2021-07-12 03:03:05 --> Cannot declare class App\Controllers\Spreadsheet because the name is already in use
#0 [internal function]: CodeIgniter\Debug\Exceptions->shutdownHandler()
#1 {main}
CRITICAL - 2021-07-12 03:03:25 --> Cannot declare class App\Controllers\Spreadsheet because the name is already in use
#0 [internal function]: CodeIgniter\Debug\Exceptions->shutdownHandler()
#1 {main}
CRITICAL - 2021-07-12 08:50:07 --> Invalid cell coordinate 1
#0 E:\Projects\htdocs\thinkframe\vendor\phpoffice\phpspreadsheet\src\PhpSpreadsheet\Worksheet\Worksheet.php(1300): PhpOffice\PhpSpreadsheet\Cell\Coordinate::coordinateFromString('1')
#1 E:\Projects\htdocs\thinkframe\vendor\phpoffice\phpspreadsheet\src\PhpSpreadsheet\Worksheet\Worksheet.php(1190): PhpOffice\PhpSpreadsheet\Worksheet\Worksheet->createNewCell('1')
#2 E:\Projects\htdocs\thinkframe\app\Controllers\Excelsheet.php(106): PhpOffice\PhpSpreadsheet\Worksheet\Worksheet->getCell('1', 25)
#3 E:\Projects\htdocs\thinkframe\system\CodeIgniter.php(931): App\Controllers\Excelsheet->import()
#4 E:\Projects\htdocs\thinkframe\system\CodeIgniter.php(439): CodeIgniter\CodeIgniter->runController(Object(App\Controllers\Excelsheet))
#5 E:\Projects\htdocs\thinkframe\system\CodeIgniter.php(339): CodeIgniter\CodeIgniter->handleRequest(NULL, Object(Config\Cache), false)
#6 E:\Projects\htdocs\thinkframe\public\index.php(36): CodeIgniter\CodeIgniter->run()
#7 {main}
CRITICAL - 2021-07-12 18:45:38 --> Undefined variable: 58
#0 E:\Projects\htdocs\thinkframe\app\Controllers\Excelsheet.php(183): CodeIgniter\Debug\Exceptions->errorHandler(8, 'Undefined varia...', 'E:\\Projects\\htd...', 183, Array)
#1 E:\Projects\htdocs\thinkframe\system\CodeIgniter.php(931): App\Controllers\Excelsheet->import()
#2 E:\Projects\htdocs\thinkframe\system\CodeIgniter.php(439): CodeIgniter\CodeIgniter->runController(Object(App\Controllers\Excelsheet))
#3 E:\Projects\htdocs\thinkframe\system\CodeIgniter.php(339): CodeIgniter\CodeIgniter->handleRequest(NULL, Object(Config\Cache), false)
#4 E:\Projects\htdocs\thinkframe\public\index.php(36): CodeIgniter\CodeIgniter->run()
#5 {main}
CRITICAL - 2021-07-12 18:55:40 --> syntax error, unexpected 'for' (T_FOR)
#0 E:\Projects\htdocs\thinkframe\system\Router\Router.php(169): CodeIgniter\Router\Router->autoRoute('excelsheet/impo...')
#1 E:\Projects\htdocs\thinkframe\system\CodeIgniter.php(812): CodeIgniter\Router\Router->handle('excelsheet/impo...')
#2 E:\Projects\htdocs\thinkframe\system\CodeIgniter.php(392): CodeIgniter\CodeIgniter->tryToRouteIt(Object(CodeIgniter\Router\RouteCollection))
#3 E:\Projects\htdocs\thinkframe\system\CodeIgniter.php(339): CodeIgniter\CodeIgniter->handleRequest(NULL, Object(Config\Cache), false)
#4 E:\Projects\htdocs\thinkframe\public\index.php(36): CodeIgniter\CodeIgniter->run()
#5 {main}
CRITICAL - 2021-07-12 20:33:23 --> Invalid cell coordinate A(66+1)
#0 E:\Projects\htdocs\thinkframe\vendor\phpoffice\phpspreadsheet\src\PhpSpreadsheet\Worksheet\Worksheet.php(1300): PhpOffice\PhpSpreadsheet\Cell\Coordinate::coordinateFromString('A(66+1)')
#1 E:\Projects\htdocs\thinkframe\vendor\phpoffice\phpspreadsheet\src\PhpSpreadsheet\Worksheet\Worksheet.php(1190): PhpOffice\PhpSpreadsheet\Worksheet\Worksheet->createNewCell('A(66+1)')
#2 E:\Projects\htdocs\thinkframe\app\Controllers\Excelsheet.php(163): PhpOffice\PhpSpreadsheet\Worksheet\Worksheet->getCell('A(66+1)')
#3 E:\Projects\htdocs\thinkframe\system\CodeIgniter.php(931): App\Controllers\Excelsheet->import()
#4 E:\Projects\htdocs\thinkframe\system\CodeIgniter.php(439): CodeIgniter\CodeIgniter->runController(Object(App\Controllers\Excelsheet))
#5 E:\Projects\htdocs\thinkframe\system\CodeIgniter.php(339): CodeIgniter\CodeIgniter->handleRequest(NULL, Object(Config\Cache), false)
#6 E:\Projects\htdocs\thinkframe\public\index.php(36): CodeIgniter\CodeIgniter->run()
#7 {main}
CRITICAL - 2021-07-12 20:40:18 --> Illegal string offset 'question_id'
#0 E:\Projects\htdocs\thinkframe\app\Controllers\Excelsheet.php(173): CodeIgniter\Debug\Exceptions->errorHandler(2, 'Illegal string ...', 'E:\\Projects\\htd...', 173, Array)
#1 E:\Projects\htdocs\thinkframe\system\CodeIgniter.php(931): App\Controllers\Excelsheet->import()
#2 E:\Projects\htdocs\thinkframe\system\CodeIgniter.php(439): CodeIgniter\CodeIgniter->runController(Object(App\Controllers\Excelsheet))
#3 E:\Projects\htdocs\thinkframe\system\CodeIgniter.php(339): CodeIgniter\CodeIgniter->handleRequest(NULL, Object(Config\Cache), false)
#4 E:\Projects\htdocs\thinkframe\public\index.php(36): CodeIgniter\CodeIgniter->run()
#5 {main}
