CRITICAL - 2021-06-24 03:46:20 --> There is no data to update.
#0 E:\Projects\htdocs\thinkframe_beanstalk\system\BaseModel.php(1668): CodeIgniter\Database\Exceptions\DataException::forEmptyDataset('update')
#1 E:\Projects\htdocs\thinkframe_beanstalk\system\BaseModel.php(880): CodeIgniter\BaseModel->transformDataToArray(NULL, 'update')
#2 E:\Projects\htdocs\thinkframe_beanstalk\system\Model.php(718): CodeIgniter\BaseModel->update(Array, NULL)
#3 E:\Projects\htdocs\thinkframe_beanstalk\app\Models\AuthModel.php(162): CodeIgniter\Model->update(Array)
#4 E:\Projects\htdocs\thinkframe_beanstalk\app\Libraries\AuthLibrary.php(795): App\Models\AuthModel->UpdateSelector(Array, 'ee17f0d4eda6')
#5 E:\Projects\htdocs\thinkframe_beanstalk\app\Libraries\AuthLibrary.php(748): App\libraries\AuthLibrary->rememberMeReset('1', 'ee17f0d4eda6')
#6 E:\Projects\htdocs\thinkframe_beanstalk\app\Controllers\Auth.php(57): App\libraries\AuthLibrary->checkCookie()
#7 E:\Projects\htdocs\thinkframe_beanstalk\system\CodeIgniter.php(931): App\Controllers\Auth->login()
#8 E:\Projects\htdocs\thinkframe_beanstalk\system\CodeIgniter.php(439): CodeIgniter\CodeIgniter->runController(Object(App\Controllers\Auth))
#9 E:\Projects\htdocs\thinkframe_beanstalk\system\CodeIgniter.php(339): CodeIgniter\CodeIgniter->handleRequest(NULL, Object(Config\Cache), false)
#10 E:\Projects\htdocs\thinkframe_beanstalk\public\index.php(36): CodeIgniter\CodeIgniter->run()
#11 {main}
CRITICAL - 2021-06-24 03:46:24 --> There is no data to update.
#0 E:\Projects\htdocs\thinkframe_beanstalk\system\BaseModel.php(1668): CodeIgniter\Database\Exceptions\DataException::forEmptyDataset('update')
#1 E:\Projects\htdocs\thinkframe_beanstalk\system\BaseModel.php(880): CodeIgniter\BaseModel->transformDataToArray(NULL, 'update')
#2 E:\Projects\htdocs\thinkframe_beanstalk\system\Model.php(718): CodeIgniter\BaseModel->update(Array, NULL)
#3 E:\Projects\htdocs\thinkframe_beanstalk\app\Models\AuthModel.php(162): CodeIgniter\Model->update(Array)
#4 E:\Projects\htdocs\thinkframe_beanstalk\app\Libraries\AuthLibrary.php(795): App\Models\AuthModel->UpdateSelector(Array, 'ee17f0d4eda6')
#5 E:\Projects\htdocs\thinkframe_beanstalk\app\Libraries\AuthLibrary.php(748): App\libraries\AuthLibrary->rememberMeReset('1', 'ee17f0d4eda6')
#6 E:\Projects\htdocs\thinkframe_beanstalk\app\Controllers\Auth.php(57): App\libraries\AuthLibrary->checkCookie()
#7 E:\Projects\htdocs\thinkframe_beanstalk\system\CodeIgniter.php(931): App\Controllers\Auth->login()
#8 E:\Projects\htdocs\thinkframe_beanstalk\system\CodeIgniter.php(439): CodeIgniter\CodeIgniter->runController(Object(App\Controllers\Auth))
#9 E:\Projects\htdocs\thinkframe_beanstalk\system\CodeIgniter.php(339): CodeIgniter\CodeIgniter->handleRequest(NULL, Object(Config\Cache), false)
#10 E:\Projects\htdocs\thinkframe_beanstalk\public\index.php(36): CodeIgniter\CodeIgniter->run()
#11 {main}
CRITICAL - 2021-06-24 03:46:27 --> There is no data to update.
#0 E:\Projects\htdocs\thinkframe_beanstalk\system\BaseModel.php(1668): CodeIgniter\Database\Exceptions\DataException::forEmptyDataset('update')
#1 E:\Projects\htdocs\thinkframe_beanstalk\system\BaseModel.php(880): CodeIgniter\BaseModel->transformDataToArray(NULL, 'update')
#2 E:\Projects\htdocs\thinkframe_beanstalk\system\Model.php(718): CodeIgniter\BaseModel->update(Array, NULL)
#3 E:\Projects\htdocs\thinkframe_beanstalk\app\Models\AuthModel.php(162): CodeIgniter\Model->update(Array)
#4 E:\Projects\htdocs\thinkframe_beanstalk\app\Libraries\AuthLibrary.php(795): App\Models\AuthModel->UpdateSelector(Array, 'ee17f0d4eda6')
#5 E:\Projects\htdocs\thinkframe_beanstalk\app\Libraries\AuthLibrary.php(748): App\libraries\AuthLibrary->rememberMeReset('1', 'ee17f0d4eda6')
#6 E:\Projects\htdocs\thinkframe_beanstalk\app\Controllers\Auth.php(57): App\libraries\AuthLibrary->checkCookie()
#7 E:\Projects\htdocs\thinkframe_beanstalk\system\CodeIgniter.php(931): App\Controllers\Auth->login()
#8 E:\Projects\htdocs\thinkframe_beanstalk\system\CodeIgniter.php(439): CodeIgniter\CodeIgniter->runController(Object(App\Controllers\Auth))
#9 E:\Projects\htdocs\thinkframe_beanstalk\system\CodeIgniter.php(339): CodeIgniter\CodeIgniter->handleRequest(NULL, Object(Config\Cache), false)
#10 E:\Projects\htdocs\thinkframe_beanstalk\public\index.php(36): CodeIgniter\CodeIgniter->run()
#11 {main}
CRITICAL - 2021-06-24 06:58:02 --> array_multisort(): Array sizes are inconsistent
#0 [internal function]: CodeIgniter\Debug\Exceptions->errorHandler(2, 'array_multisort...', 'E:\\Projects\\htd...', 195, Array)
#1 E:\Projects\htdocs\thinkframe_beanstalk\app\Controllers\Getdatainjson.php(195): array_multisort(Array, 3, Array)
#2 E:\Projects\htdocs\thinkframe_beanstalk\system\CodeIgniter.php(931): App\Controllers\Getdatainjson->allquestions()
#3 E:\Projects\htdocs\thinkframe_beanstalk\system\CodeIgniter.php(439): CodeIgniter\CodeIgniter->runController(Object(App\Controllers\Getdatainjson))
#4 E:\Projects\htdocs\thinkframe_beanstalk\system\CodeIgniter.php(339): CodeIgniter\CodeIgniter->handleRequest(NULL, Object(Config\Cache), false)
#5 E:\Projects\htdocs\thinkframe_beanstalk\public\index.php(36): CodeIgniter\CodeIgniter->run()
#6 {main}
CRITICAL - 2021-06-24 07:03:06 --> Undefined offset: 0
#0 E:\Projects\htdocs\thinkframe_beanstalk\app\Controllers\Getdatainjson.php(195): CodeIgniter\Debug\Exceptions->errorHandler(8, 'Undefined offse...', 'E:\\Projects\\htd...', 195, Array)
#1 E:\Projects\htdocs\thinkframe_beanstalk\system\CodeIgniter.php(931): App\Controllers\Getdatainjson->allquestions()
#2 E:\Projects\htdocs\thinkframe_beanstalk\system\CodeIgniter.php(439): CodeIgniter\CodeIgniter->runController(Object(App\Controllers\Getdatainjson))
#3 E:\Projects\htdocs\thinkframe_beanstalk\system\CodeIgniter.php(339): CodeIgniter\CodeIgniter->handleRequest(NULL, Object(Config\Cache), false)
#4 E:\Projects\htdocs\thinkframe_beanstalk\public\index.php(36): CodeIgniter\CodeIgniter->run()
#5 {main}
