CRITICAL - 2021-07-16 19:02:38 --> syntax error, unexpected ')'
#0 E:\Projects\htdocs\thinkframe\system\Router\Router.php(169): CodeIgniter\Router\Router->autoRoute('getdatainjson/g...')
#1 E:\Projects\htdocs\thinkframe\system\CodeIgniter.php(812): CodeIgniter\Router\Router->handle('getdatainjson/g...')
#2 E:\Projects\htdocs\thinkframe\system\CodeIgniter.php(392): CodeIgniter\CodeIgniter->tryToRouteIt(Object(CodeIgniter\Router\RouteCollection))
#3 E:\Projects\htdocs\thinkframe\system\CodeIgniter.php(339): CodeIgniter\CodeIgniter->handleRequest(NULL, Object(Config\Cache), false)
#4 E:\Projects\htdocs\thinkframe\public\index.php(36): CodeIgniter\CodeIgniter->run()
#5 {main}
CRITICAL - 2021-07-16 19:05:45 --> Undefined variable: option_hyp_id
#0 E:\Projects\htdocs\thinkframe\app\Controllers\Getdatainjson.php(263): CodeIgniter\Debug\Exceptions->errorHandler(8, 'Undefined varia...', 'E:\\Projects\\htd...', 263, Array)
#1 [internal function]: App\Controllers\Getdatainjson->App\Controllers\{closure}(Array)
#2 E:\Projects\htdocs\thinkframe\app\Controllers\Getdatainjson.php(264): array_filter(Array, Object(Closure))
#3 E:\Projects\htdocs\thinkframe\system\CodeIgniter.php(931): App\Controllers\Getdatainjson->allquestions()
#4 E:\Projects\htdocs\thinkframe\system\CodeIgniter.php(439): CodeIgniter\CodeIgniter->runController(Object(App\Controllers\Getdatainjson))
#5 E:\Projects\htdocs\thinkframe\system\CodeIgniter.php(339): CodeIgniter\CodeIgniter->handleRequest(NULL, Object(Config\Cache), false)
#6 E:\Projects\htdocs\thinkframe\public\index.php(36): CodeIgniter\CodeIgniter->run()
#7 {main}
CRITICAL - 2021-07-16 19:06:46 --> Undefined variable: link_id
#0 E:\Projects\htdocs\thinkframe\app\Controllers\Getdatainjson.php(263): CodeIgniter\Debug\Exceptions->errorHandler(8, 'Undefined varia...', 'E:\\Projects\\htd...', 263, Array)
#1 [internal function]: App\Controllers\Getdatainjson->App\Controllers\{closure}(Array)
#2 E:\Projects\htdocs\thinkframe\app\Controllers\Getdatainjson.php(264): array_filter(Array, Object(Closure))
#3 E:\Projects\htdocs\thinkframe\system\CodeIgniter.php(931): App\Controllers\Getdatainjson->allquestions()
#4 E:\Projects\htdocs\thinkframe\system\CodeIgniter.php(439): CodeIgniter\CodeIgniter->runController(Object(App\Controllers\Getdatainjson))
#5 E:\Projects\htdocs\thinkframe\system\CodeIgniter.php(339): CodeIgniter\CodeIgniter->handleRequest(NULL, Object(Config\Cache), false)
#6 E:\Projects\htdocs\thinkframe\public\index.php(36): CodeIgniter\CodeIgniter->run()
#7 {main}
CRITICAL - 2021-07-16 19:07:13 --> Undefined variable: link_id
#0 E:\Projects\htdocs\thinkframe\app\Controllers\Getdatainjson.php(263): CodeIgniter\Debug\Exceptions->errorHandler(8, 'Undefined varia...', 'E:\\Projects\\htd...', 263, Array)
#1 [internal function]: App\Controllers\Getdatainjson->App\Controllers\{closure}(Array)
#2 E:\Projects\htdocs\thinkframe\app\Controllers\Getdatainjson.php(264): array_filter(Array, Object(Closure))
#3 E:\Projects\htdocs\thinkframe\system\CodeIgniter.php(931): App\Controllers\Getdatainjson->allquestions()
#4 E:\Projects\htdocs\thinkframe\system\CodeIgniter.php(439): CodeIgniter\CodeIgniter->runController(Object(App\Controllers\Getdatainjson))
#5 E:\Projects\htdocs\thinkframe\system\CodeIgniter.php(339): CodeIgniter\CodeIgniter->handleRequest(NULL, Object(Config\Cache), false)
#6 E:\Projects\htdocs\thinkframe\public\index.php(36): CodeIgniter\CodeIgniter->run()
#7 {main}
CRITICAL - 2021-07-16 19:08:01 --> Undefined variable: link_id
#0 E:\Projects\htdocs\thinkframe\app\Controllers\Getdatainjson.php(263): CodeIgniter\Debug\Exceptions->errorHandler(8, 'Undefined varia...', 'E:\\Projects\\htd...', 263, Array)
#1 [internal function]: App\Controllers\Getdatainjson->App\Controllers\{closure}(Array)
#2 E:\Projects\htdocs\thinkframe\app\Controllers\Getdatainjson.php(264): array_filter(Array, Object(Closure))
#3 E:\Projects\htdocs\thinkframe\system\CodeIgniter.php(931): App\Controllers\Getdatainjson->allquestions()
#4 E:\Projects\htdocs\thinkframe\system\CodeIgniter.php(439): CodeIgniter\CodeIgniter->runController(Object(App\Controllers\Getdatainjson))
#5 E:\Projects\htdocs\thinkframe\system\CodeIgniter.php(339): CodeIgniter\CodeIgniter->handleRequest(NULL, Object(Config\Cache), false)
#6 E:\Projects\htdocs\thinkframe\public\index.php(36): CodeIgniter\CodeIgniter->run()
#7 {main}
CRITICAL - 2021-07-16 19:08:37 --> Undefined variable: link_id
#0 E:\Projects\htdocs\thinkframe\app\Controllers\Getdatainjson.php(263): CodeIgniter\Debug\Exceptions->errorHandler(8, 'Undefined varia...', 'E:\\Projects\\htd...', 263, Array)
#1 [internal function]: App\Controllers\Getdatainjson->App\Controllers\{closure}(Array)
#2 E:\Projects\htdocs\thinkframe\app\Controllers\Getdatainjson.php(264): array_filter(Array, Object(Closure))
#3 E:\Projects\htdocs\thinkframe\system\CodeIgniter.php(931): App\Controllers\Getdatainjson->allquestions()
#4 E:\Projects\htdocs\thinkframe\system\CodeIgniter.php(439): CodeIgniter\CodeIgniter->runController(Object(App\Controllers\Getdatainjson))
#5 E:\Projects\htdocs\thinkframe\system\CodeIgniter.php(339): CodeIgniter\CodeIgniter->handleRequest(NULL, Object(Config\Cache), false)
#6 E:\Projects\htdocs\thinkframe\public\index.php(36): CodeIgniter\CodeIgniter->run()
#7 {main}
CRITICAL - 2021-07-16 19:10:26 --> Undefined variable: link_id
#0 E:\Projects\htdocs\thinkframe\app\Controllers\Getdatainjson.php(263): CodeIgniter\Debug\Exceptions->errorHandler(8, 'Undefined varia...', 'E:\\Projects\\htd...', 263, Array)
#1 [internal function]: App\Controllers\Getdatainjson->App\Controllers\{closure}(Array)
#2 E:\Projects\htdocs\thinkframe\app\Controllers\Getdatainjson.php(264): array_filter(Array, Object(Closure))
#3 E:\Projects\htdocs\thinkframe\system\CodeIgniter.php(931): App\Controllers\Getdatainjson->allquestions()
#4 E:\Projects\htdocs\thinkframe\system\CodeIgniter.php(439): CodeIgniter\CodeIgniter->runController(Object(App\Controllers\Getdatainjson))
#5 E:\Projects\htdocs\thinkframe\system\CodeIgniter.php(339): CodeIgniter\CodeIgniter->handleRequest(NULL, Object(Config\Cache), false)
#6 E:\Projects\htdocs\thinkframe\public\index.php(36): CodeIgniter\CodeIgniter->run()
#7 {main}
CRITICAL - 2021-07-16 19:11:53 --> Undefined index: strength
#0 E:\Projects\htdocs\thinkframe\app\Controllers\Getdatainjson.php(273): CodeIgniter\Debug\Exceptions->errorHandler(8, 'Undefined index...', 'E:\\Projects\\htd...', 273, Array)
#1 E:\Projects\htdocs\thinkframe\system\CodeIgniter.php(931): App\Controllers\Getdatainjson->allquestions()
#2 E:\Projects\htdocs\thinkframe\system\CodeIgniter.php(439): CodeIgniter\CodeIgniter->runController(Object(App\Controllers\Getdatainjson))
#3 E:\Projects\htdocs\thinkframe\system\CodeIgniter.php(339): CodeIgniter\CodeIgniter->handleRequest(NULL, Object(Config\Cache), false)
#4 E:\Projects\htdocs\thinkframe\public\index.php(36): CodeIgniter\CodeIgniter->run()
#5 {main}
CRITICAL - 2021-07-16 19:12:36 --> Undefined variable: link_id
#0 E:\Projects\htdocs\thinkframe\app\Controllers\Getdatainjson.php(263): CodeIgniter\Debug\Exceptions->errorHandler(8, 'Undefined varia...', 'E:\\Projects\\htd...', 263, Array)
#1 [internal function]: App\Controllers\Getdatainjson->App\Controllers\{closure}(Array)
#2 E:\Projects\htdocs\thinkframe\app\Controllers\Getdatainjson.php(264): array_filter(Array, Object(Closure))
#3 E:\Projects\htdocs\thinkframe\system\CodeIgniter.php(931): App\Controllers\Getdatainjson->allquestions()
#4 E:\Projects\htdocs\thinkframe\system\CodeIgniter.php(439): CodeIgniter\CodeIgniter->runController(Object(App\Controllers\Getdatainjson))
#5 E:\Projects\htdocs\thinkframe\system\CodeIgniter.php(339): CodeIgniter\CodeIgniter->handleRequest(NULL, Object(Config\Cache), false)
#6 E:\Projects\htdocs\thinkframe\public\index.php(36): CodeIgniter\CodeIgniter->run()
#7 {main}
CRITICAL - 2021-07-16 19:13:30 --> Undefined index: strength
#0 E:\Projects\htdocs\thinkframe\app\Controllers\Getdatainjson.php(272): CodeIgniter\Debug\Exceptions->errorHandler(8, 'Undefined index...', 'E:\\Projects\\htd...', 272, Array)
#1 E:\Projects\htdocs\thinkframe\system\CodeIgniter.php(931): App\Controllers\Getdatainjson->allquestions()
#2 E:\Projects\htdocs\thinkframe\system\CodeIgniter.php(439): CodeIgniter\CodeIgniter->runController(Object(App\Controllers\Getdatainjson))
#3 E:\Projects\htdocs\thinkframe\system\CodeIgniter.php(339): CodeIgniter\CodeIgniter->handleRequest(NULL, Object(Config\Cache), false)
#4 E:\Projects\htdocs\thinkframe\public\index.php(36): CodeIgniter\CodeIgniter->run()
#5 {main}
CRITICAL - 2021-07-16 19:14:08 --> Undefined variable: link_id
#0 E:\Projects\htdocs\thinkframe\app\Controllers\Getdatainjson.php(263): CodeIgniter\Debug\Exceptions->errorHandler(8, 'Undefined varia...', 'E:\\Projects\\htd...', 263, Array)
#1 [internal function]: App\Controllers\Getdatainjson->App\Controllers\{closure}(Array)
#2 E:\Projects\htdocs\thinkframe\app\Controllers\Getdatainjson.php(264): array_filter(Array, Object(Closure))
#3 E:\Projects\htdocs\thinkframe\system\CodeIgniter.php(931): App\Controllers\Getdatainjson->allquestions()
#4 E:\Projects\htdocs\thinkframe\system\CodeIgniter.php(439): CodeIgniter\CodeIgniter->runController(Object(App\Controllers\Getdatainjson))
#5 E:\Projects\htdocs\thinkframe\system\CodeIgniter.php(339): CodeIgniter\CodeIgniter->handleRequest(NULL, Object(Config\Cache), false)
#6 E:\Projects\htdocs\thinkframe\public\index.php(36): CodeIgniter\CodeIgniter->run()
#7 {main}
CRITICAL - 2021-07-16 19:14:42 --> Undefined index: strength
#0 E:\Projects\htdocs\thinkframe\app\Controllers\Getdatainjson.php(272): CodeIgniter\Debug\Exceptions->errorHandler(8, 'Undefined index...', 'E:\\Projects\\htd...', 272, Array)
#1 E:\Projects\htdocs\thinkframe\system\CodeIgniter.php(931): App\Controllers\Getdatainjson->allquestions()
#2 E:\Projects\htdocs\thinkframe\system\CodeIgniter.php(439): CodeIgniter\CodeIgniter->runController(Object(App\Controllers\Getdatainjson))
#3 E:\Projects\htdocs\thinkframe\system\CodeIgniter.php(339): CodeIgniter\CodeIgniter->handleRequest(NULL, Object(Config\Cache), false)
#4 E:\Projects\htdocs\thinkframe\public\index.php(36): CodeIgniter\CodeIgniter->run()
#5 {main}
CRITICAL - 2021-07-16 19:15:49 --> Too few arguments to function App\Controllers\Getdatainjson::App\Controllers\{closure}(), 1 passed and exactly 2 expected
#0 [internal function]: App\Controllers\Getdatainjson->App\Controllers\{closure}(Array)
#1 E:\Projects\htdocs\thinkframe\app\Controllers\Getdatainjson.php(264): array_filter(Array, Object(Closure))
#2 E:\Projects\htdocs\thinkframe\system\CodeIgniter.php(931): App\Controllers\Getdatainjson->allquestions()
#3 E:\Projects\htdocs\thinkframe\system\CodeIgniter.php(439): CodeIgniter\CodeIgniter->runController(Object(App\Controllers\Getdatainjson))
#4 E:\Projects\htdocs\thinkframe\system\CodeIgniter.php(339): CodeIgniter\CodeIgniter->handleRequest(NULL, Object(Config\Cache), false)
#5 E:\Projects\htdocs\thinkframe\public\index.php(36): CodeIgniter\CodeIgniter->run()
#6 {main}
