CRITICAL - 2021-06-04 20:45:59 --> Namespace declaration statement has to be the very first statement or after any declare call in the script
#0 [internal function]: CodeIgniter\Debug\Exceptions->shutdownHandler()
#1 {main}
CRITICAL - 2021-06-04 20:46:01 --> Namespace declaration statement has to be the very first statement or after any declare call in the script
#0 [internal function]: CodeIgniter\Debug\Exceptions->shutdownHandler()
#1 {main}
CRITICAL - 2021-06-04 23:29:07 --> Undefined variable: Route
#0 E:\Projects\htdocs\thinkframe_beanstalk\app\Config\Routes.php(48): CodeIgniter\Debug\Exceptions->errorHandler(8, 'Undefined varia...', 'E:\\Projects\\htd...', 48, Array)
#1 E:\Projects\htdocs\thinkframe_beanstalk\system\CodeIgniter.php(799): require('E:\\Projects\\htd...')
#2 E:\Projects\htdocs\thinkframe_beanstalk\system\CodeIgniter.php(392): CodeIgniter\CodeIgniter->tryToRouteIt(Object(CodeIgniter\Router\RouteCollection))
#3 E:\Projects\htdocs\thinkframe_beanstalk\system\CodeIgniter.php(339): CodeIgniter\CodeIgniter->handleRequest(NULL, Object(Config\Cache), false)
#4 E:\Projects\htdocs\thinkframe_beanstalk\public\index.php(36): CodeIgniter\CodeIgniter->run()
#5 {main}
CRITICAL - 2021-06-04 23:29:16 --> Undefined variable: Route
#0 E:\Projects\htdocs\thinkframe_beanstalk\app\Config\Routes.php(48): CodeIgniter\Debug\Exceptions->errorHandler(8, 'Undefined varia...', 'E:\\Projects\\htd...', 48, Array)
#1 E:\Projects\htdocs\thinkframe_beanstalk\system\CodeIgniter.php(799): require('E:\\Projects\\htd...')
#2 E:\Projects\htdocs\thinkframe_beanstalk\system\CodeIgniter.php(392): CodeIgniter\CodeIgniter->tryToRouteIt(Object(CodeIgniter\Router\RouteCollection))
#3 E:\Projects\htdocs\thinkframe_beanstalk\system\CodeIgniter.php(339): CodeIgniter\CodeIgniter->handleRequest(NULL, Object(Config\Cache), false)
#4 E:\Projects\htdocs\thinkframe_beanstalk\public\index.php(36): CodeIgniter\CodeIgniter->run()
#5 {main}
CRITICAL - 2021-06-04 23:29:23 --> Undefined variable: Route
#0 E:\Projects\htdocs\thinkframe_beanstalk\app\Config\Routes.php(48): CodeIgniter\Debug\Exceptions->errorHandler(8, 'Undefined varia...', 'E:\\Projects\\htd...', 48, Array)
#1 E:\Projects\htdocs\thinkframe_beanstalk\system\CodeIgniter.php(799): require('E:\\Projects\\htd...')
#2 E:\Projects\htdocs\thinkframe_beanstalk\system\CodeIgniter.php(392): CodeIgniter\CodeIgniter->tryToRouteIt(Object(CodeIgniter\Router\RouteCollection))
#3 E:\Projects\htdocs\thinkframe_beanstalk\system\CodeIgniter.php(339): CodeIgniter\CodeIgniter->handleRequest(NULL, Object(Config\Cache), false)
#4 E:\Projects\htdocs\thinkframe_beanstalk\public\index.php(36): CodeIgniter\CodeIgniter->run()
#5 {main}
