CRITICAL - 2021-06-01 01:11:26 --> Undefined index: question_content
#0 E:\Projects\htdocs\thinkframe\app\Controllers\Getdatainjson.php(72): CodeIgniter\Debug\Exceptions->errorHandler(8, 'Undefined index...', 'E:\\Projects\\htd...', 72, Array)
#1 E:\Projects\htdocs\thinkframe\system\CodeIgniter.php(931): App\Controllers\Getdatainjson->allquestions()
#2 E:\Projects\htdocs\thinkframe\system\CodeIgniter.php(439): CodeIgniter\CodeIgniter->runController(Object(App\Controllers\Getdatainjson))
#3 E:\Projects\htdocs\thinkframe\system\CodeIgniter.php(339): CodeIgniter\CodeIgniter->handleRequest(NULL, Object(Config\Cache), false)
#4 E:\Projects\htdocs\thinkframe\public\index.php(36): CodeIgniter\CodeIgniter->run()
#5 {main}
CRITICAL - 2021-06-01 01:11:49 --> Undefined index: question_content
#0 E:\Projects\htdocs\thinkframe\app\Controllers\Getdatainjson.php(72): CodeIgniter\Debug\Exceptions->errorHandler(8, 'Undefined index...', 'E:\\Projects\\htd...', 72, Array)
#1 E:\Projects\htdocs\thinkframe\system\CodeIgniter.php(931): App\Controllers\Getdatainjson->allquestions()
#2 E:\Projects\htdocs\thinkframe\system\CodeIgniter.php(439): CodeIgniter\CodeIgniter->runController(Object(App\Controllers\Getdatainjson))
#3 E:\Projects\htdocs\thinkframe\system\CodeIgniter.php(339): CodeIgniter\CodeIgniter->handleRequest(NULL, Object(Config\Cache), false)
#4 E:\Projects\htdocs\thinkframe\public\index.php(36): CodeIgniter\CodeIgniter->run()
#5 {main}
CRITICAL - 2021-06-01 02:39:35 --> Undefined offset: 1
#0 E:\Projects\htdocs\thinkframe\app\Controllers\Getdatainjson.php(43): CodeIgniter\Debug\Exceptions->errorHandler(8, 'Undefined offse...', 'E:\\Projects\\htd...', 43, Array)
#1 E:\Projects\htdocs\thinkframe\system\CodeIgniter.php(931): App\Controllers\Getdatainjson->questions_with_options()
#2 E:\Projects\htdocs\thinkframe\system\CodeIgniter.php(439): CodeIgniter\CodeIgniter->runController(Object(App\Controllers\Getdatainjson))
#3 E:\Projects\htdocs\thinkframe\system\CodeIgniter.php(339): CodeIgniter\CodeIgniter->handleRequest(NULL, Object(Config\Cache), false)
#4 E:\Projects\htdocs\thinkframe\public\index.php(36): CodeIgniter\CodeIgniter->run()
#5 {main}
CRITICAL - 2021-06-01 02:39:42 --> Undefined offset: 1
#0 E:\Projects\htdocs\thinkframe\app\Controllers\Getdatainjson.php(43): CodeIgniter\Debug\Exceptions->errorHandler(8, 'Undefined offse...', 'E:\\Projects\\htd...', 43, Array)
#1 E:\Projects\htdocs\thinkframe\system\CodeIgniter.php(931): App\Controllers\Getdatainjson->questions_with_options()
#2 E:\Projects\htdocs\thinkframe\system\CodeIgniter.php(439): CodeIgniter\CodeIgniter->runController(Object(App\Controllers\Getdatainjson))
#3 E:\Projects\htdocs\thinkframe\system\CodeIgniter.php(339): CodeIgniter\CodeIgniter->handleRequest(NULL, Object(Config\Cache), false)
#4 E:\Projects\htdocs\thinkframe\public\index.php(36): CodeIgniter\CodeIgniter->run()
#5 {main}
ERROR - 2021-06-01 02:51:59 --> Unknown column 'option_id.option_content' in 'field list'
CRITICAL - 2021-06-01 02:51:59 --> Unknown column 'option_id.option_content' in 'field list'
#0 E:\Projects\htdocs\thinkframe\system\Database\MySQLi\Connection.php(329): mysqli->query('SELECT `q`.*, `...')
#1 E:\Projects\htdocs\thinkframe\system\Database\BaseConnection.php(732): CodeIgniter\Database\MySQLi\Connection->execute('SELECT `q`.*, `...')
#2 E:\Projects\htdocs\thinkframe\system\Database\BaseConnection.php(647): CodeIgniter\Database\BaseConnection->simpleQuery('SELECT `q`.*, `...')
#3 E:\Projects\htdocs\thinkframe\system\Database\BaseBuilder.php(1881): CodeIgniter\Database\BaseConnection->query('SELECT `q`.*, `...', Array, false)
#4 E:\Projects\htdocs\thinkframe\app\Controllers\Getdatainjson.php(72): CodeIgniter\Database\BaseBuilder->get()
#5 E:\Projects\htdocs\thinkframe\system\CodeIgniter.php(931): App\Controllers\Getdatainjson->allquestions()
#6 E:\Projects\htdocs\thinkframe\system\CodeIgniter.php(439): CodeIgniter\CodeIgniter->runController(Object(App\Controllers\Getdatainjson))
#7 E:\Projects\htdocs\thinkframe\system\CodeIgniter.php(339): CodeIgniter\CodeIgniter->handleRequest(NULL, Object(Config\Cache), false)
#8 E:\Projects\htdocs\thinkframe\public\index.php(36): CodeIgniter\CodeIgniter->run()
#9 {main}
ERROR - 2021-06-01 02:52:08 --> Unknown column 'option_id.option_content' in 'field list'
CRITICAL - 2021-06-01 02:52:08 --> Unknown column 'option_id.option_content' in 'field list'
#0 E:\Projects\htdocs\thinkframe\system\Database\MySQLi\Connection.php(329): mysqli->query('SELECT `q`.*, `...')
#1 E:\Projects\htdocs\thinkframe\system\Database\BaseConnection.php(732): CodeIgniter\Database\MySQLi\Connection->execute('SELECT `q`.*, `...')
#2 E:\Projects\htdocs\thinkframe\system\Database\BaseConnection.php(647): CodeIgniter\Database\BaseConnection->simpleQuery('SELECT `q`.*, `...')
#3 E:\Projects\htdocs\thinkframe\system\Database\BaseBuilder.php(1881): CodeIgniter\Database\BaseConnection->query('SELECT `q`.*, `...', Array, false)
#4 E:\Projects\htdocs\thinkframe\app\Controllers\Getdatainjson.php(72): CodeIgniter\Database\BaseBuilder->get()
#5 E:\Projects\htdocs\thinkframe\system\CodeIgniter.php(931): App\Controllers\Getdatainjson->allquestions()
#6 E:\Projects\htdocs\thinkframe\system\CodeIgniter.php(439): CodeIgniter\CodeIgniter->runController(Object(App\Controllers\Getdatainjson))
#7 E:\Projects\htdocs\thinkframe\system\CodeIgniter.php(339): CodeIgniter\CodeIgniter->handleRequest(NULL, Object(Config\Cache), false)
#8 E:\Projects\htdocs\thinkframe\public\index.php(36): CodeIgniter\CodeIgniter->run()
#9 {main}
CRITICAL - 2021-06-01 02:56:41 --> Undefined variable: results
#0 E:\Projects\htdocs\thinkframe\app\Controllers\Getdatainjson.php(78): CodeIgniter\Debug\Exceptions->errorHandler(8, 'Undefined varia...', 'E:\\Projects\\htd...', 78, Array)
#1 E:\Projects\htdocs\thinkframe\system\CodeIgniter.php(931): App\Controllers\Getdatainjson->allquestions()
#2 E:\Projects\htdocs\thinkframe\system\CodeIgniter.php(439): CodeIgniter\CodeIgniter->runController(Object(App\Controllers\Getdatainjson))
#3 E:\Projects\htdocs\thinkframe\system\CodeIgniter.php(339): CodeIgniter\CodeIgniter->handleRequest(NULL, Object(Config\Cache), false)
#4 E:\Projects\htdocs\thinkframe\public\index.php(36): CodeIgniter\CodeIgniter->run()
#5 {main}
CRITICAL - 2021-06-01 03:54:22 --> syntax error, unexpected '{', expecting '('
#0 E:\Projects\htdocs\thinkframe\system\Router\Router.php(169): CodeIgniter\Router\Router->autoRoute('getdatainjson/g...')
#1 E:\Projects\htdocs\thinkframe\system\CodeIgniter.php(812): CodeIgniter\Router\Router->handle('getdatainjson/g...')
#2 E:\Projects\htdocs\thinkframe\system\CodeIgniter.php(392): CodeIgniter\CodeIgniter->tryToRouteIt(Object(CodeIgniter\Router\RouteCollection))
#3 E:\Projects\htdocs\thinkframe\system\CodeIgniter.php(339): CodeIgniter\CodeIgniter->handleRequest(NULL, Object(Config\Cache), false)
#4 E:\Projects\htdocs\thinkframe\public\index.php(36): CodeIgniter\CodeIgniter->run()
#5 {main}
CRITICAL - 2021-06-01 03:54:46 --> Undefined variable: data
#0 E:\Projects\htdocs\thinkframe\app\Controllers\Getdatainjson.php(202): CodeIgniter\Debug\Exceptions->errorHandler(8, 'Undefined varia...', 'E:\\Projects\\htd...', 202, Array)
#1 E:\Projects\htdocs\thinkframe\system\CodeIgniter.php(931): App\Controllers\Getdatainjson->get_hyps_max_id()
#2 E:\Projects\htdocs\thinkframe\system\CodeIgniter.php(439): CodeIgniter\CodeIgniter->runController(Object(App\Controllers\Getdatainjson))
#3 E:\Projects\htdocs\thinkframe\system\CodeIgniter.php(339): CodeIgniter\CodeIgniter->handleRequest(NULL, Object(Config\Cache), false)
#4 E:\Projects\htdocs\thinkframe\public\index.php(36): CodeIgniter\CodeIgniter->run()
#5 {main}
CRITICAL - 2021-06-01 06:00:32 --> syntax error, unexpected '=', expecting ')'
#0 E:\Projects\htdocs\thinkframe\system\Router\Router.php(169): CodeIgniter\Router\Router->autoRoute('getdatainjson/g...')
#1 E:\Projects\htdocs\thinkframe\system\CodeIgniter.php(812): CodeIgniter\Router\Router->handle('getdatainjson/g...')
#2 E:\Projects\htdocs\thinkframe\system\CodeIgniter.php(392): CodeIgniter\CodeIgniter->tryToRouteIt(Object(CodeIgniter\Router\RouteCollection))
#3 E:\Projects\htdocs\thinkframe\system\CodeIgniter.php(339): CodeIgniter\CodeIgniter->handleRequest(NULL, Object(Config\Cache), false)
#4 E:\Projects\htdocs\thinkframe\public\index.php(36): CodeIgniter\CodeIgniter->run()
#5 {main}
CRITICAL - 2021-06-01 06:03:23 --> Call to a member function toArray() on array
#0 E:\Projects\htdocs\thinkframe\system\CodeIgniter.php(931): App\Controllers\Getdatainjson->getMaxIds()
#1 E:\Projects\htdocs\thinkframe\system\CodeIgniter.php(439): CodeIgniter\CodeIgniter->runController(Object(App\Controllers\Getdatainjson))
#2 E:\Projects\htdocs\thinkframe\system\CodeIgniter.php(339): CodeIgniter\CodeIgniter->handleRequest(NULL, Object(Config\Cache), false)
#3 E:\Projects\htdocs\thinkframe\public\index.php(36): CodeIgniter\CodeIgniter->run()
#4 {main}
CRITICAL - 2021-06-01 06:29:00 --> get_object_vars() expects parameter 1 to be object, array given
#0 [internal function]: CodeIgniter\Debug\Exceptions->errorHandler(2, 'get_object_vars...', 'E:\\Projects\\htd...', 91, Array)
#1 E:\Projects\htdocs\thinkframe\app\Controllers\Getdatainjson.php(91): get_object_vars(Array)
#2 E:\Projects\htdocs\thinkframe\system\CodeIgniter.php(931): App\Controllers\Getdatainjson->getMaxIds()
#3 E:\Projects\htdocs\thinkframe\system\CodeIgniter.php(439): CodeIgniter\CodeIgniter->runController(Object(App\Controllers\Getdatainjson))
#4 E:\Projects\htdocs\thinkframe\system\CodeIgniter.php(339): CodeIgniter\CodeIgniter->handleRequest(NULL, Object(Config\Cache), false)
#5 E:\Projects\htdocs\thinkframe\public\index.php(36): CodeIgniter\CodeIgniter->run()
#6 {main}
ERROR - 2021-06-01 07:09:25 --> Unknown table 'thinkframe.*'
CRITICAL - 2021-06-01 07:09:25 --> Unknown table 'thinkframe.*'
#0 E:\Projects\htdocs\thinkframe\system\Database\MySQLi\Connection.php(329): mysqli->query('SELECT `*`.*\nFR...')
#1 E:\Projects\htdocs\thinkframe\system\Database\BaseConnection.php(732): CodeIgniter\Database\MySQLi\Connection->execute('SELECT `*`.*\nFR...')
#2 E:\Projects\htdocs\thinkframe\system\Database\BaseConnection.php(647): CodeIgniter\Database\BaseConnection->simpleQuery('SELECT `*`.*\nFR...')
#3 E:\Projects\htdocs\thinkframe\system\Database\BaseBuilder.php(1881): CodeIgniter\Database\BaseConnection->query('SELECT `*`.*\nFR...', Array, false)
#4 E:\Projects\htdocs\thinkframe\app\Controllers\Getdatainjson.php(72): CodeIgniter\Database\BaseBuilder->get()
#5 E:\Projects\htdocs\thinkframe\system\CodeIgniter.php(931): App\Controllers\Getdatainjson->allhyps()
#6 E:\Projects\htdocs\thinkframe\system\CodeIgniter.php(439): CodeIgniter\CodeIgniter->runController(Object(App\Controllers\Getdatainjson))
#7 E:\Projects\htdocs\thinkframe\system\CodeIgniter.php(339): CodeIgniter\CodeIgniter->handleRequest(NULL, Object(Config\Cache), false)
#8 E:\Projects\htdocs\thinkframe\public\index.php(36): CodeIgniter\CodeIgniter->run()
#9 {main}
ERROR - 2021-06-01 07:10:02 --> Unknown table 'thinkframe.*'
CRITICAL - 2021-06-01 07:10:02 --> Unknown table 'thinkframe.*'
#0 E:\Projects\htdocs\thinkframe\system\Database\MySQLi\Connection.php(329): mysqli->query('SELECT `*`.*\nFR...')
#1 E:\Projects\htdocs\thinkframe\system\Database\BaseConnection.php(732): CodeIgniter\Database\MySQLi\Connection->execute('SELECT `*`.*\nFR...')
#2 E:\Projects\htdocs\thinkframe\system\Database\BaseConnection.php(647): CodeIgniter\Database\BaseConnection->simpleQuery('SELECT `*`.*\nFR...')
#3 E:\Projects\htdocs\thinkframe\system\Database\BaseBuilder.php(1881): CodeIgniter\Database\BaseConnection->query('SELECT `*`.*\nFR...', Array, false)
#4 E:\Projects\htdocs\thinkframe\app\Controllers\Getdatainjson.php(72): CodeIgniter\Database\BaseBuilder->get()
#5 E:\Projects\htdocs\thinkframe\system\CodeIgniter.php(931): App\Controllers\Getdatainjson->allhyps()
#6 E:\Projects\htdocs\thinkframe\system\CodeIgniter.php(439): CodeIgniter\CodeIgniter->runController(Object(App\Controllers\Getdatainjson))
#7 E:\Projects\htdocs\thinkframe\system\CodeIgniter.php(339): CodeIgniter\CodeIgniter->handleRequest(NULL, Object(Config\Cache), false)
#8 E:\Projects\htdocs\thinkframe\public\index.php(36): CodeIgniter\CodeIgniter->run()
#9 {main}
ERROR - 2021-06-01 07:10:27 --> Unknown column 'options.option_id' in 'on clause'
CRITICAL - 2021-06-01 07:10:27 --> Unknown column 'options.option_id' in 'on clause'
#0 E:\Projects\htdocs\thinkframe\system\Database\MySQLi\Connection.php(329): mysqli->query('SELECT *\nFROM `...')
#1 E:\Projects\htdocs\thinkframe\system\Database\BaseConnection.php(732): CodeIgniter\Database\MySQLi\Connection->execute('SELECT *\nFROM `...')
#2 E:\Projects\htdocs\thinkframe\system\Database\BaseConnection.php(647): CodeIgniter\Database\BaseConnection->simpleQuery('SELECT *\nFROM `...')
#3 E:\Projects\htdocs\thinkframe\system\Database\BaseBuilder.php(1881): CodeIgniter\Database\BaseConnection->query('SELECT *\nFROM `...', Array, false)
#4 E:\Projects\htdocs\thinkframe\app\Controllers\Getdatainjson.php(72): CodeIgniter\Database\BaseBuilder->get()
#5 E:\Projects\htdocs\thinkframe\system\CodeIgniter.php(931): App\Controllers\Getdatainjson->allhyps()
#6 E:\Projects\htdocs\thinkframe\system\CodeIgniter.php(439): CodeIgniter\CodeIgniter->runController(Object(App\Controllers\Getdatainjson))
#7 E:\Projects\htdocs\thinkframe\system\CodeIgniter.php(339): CodeIgniter\CodeIgniter->handleRequest(NULL, Object(Config\Cache), false)
#8 E:\Projects\htdocs\thinkframe\public\index.php(36): CodeIgniter\CodeIgniter->run()
#9 {main}
ERROR - 2021-06-01 07:11:20 --> Unknown column 'oh.option_id' in 'on clause'
CRITICAL - 2021-06-01 07:11:20 --> Unknown column 'oh.option_id' in 'on clause'
#0 E:\Projects\htdocs\thinkframe\system\Database\MySQLi\Connection.php(329): mysqli->query('SELECT *\nFROM `...')
#1 E:\Projects\htdocs\thinkframe\system\Database\BaseConnection.php(732): CodeIgniter\Database\MySQLi\Connection->execute('SELECT *\nFROM `...')
#2 E:\Projects\htdocs\thinkframe\system\Database\BaseConnection.php(647): CodeIgniter\Database\BaseConnection->simpleQuery('SELECT *\nFROM `...')
#3 E:\Projects\htdocs\thinkframe\system\Database\BaseBuilder.php(1881): CodeIgniter\Database\BaseConnection->query('SELECT *\nFROM `...', Array, false)
#4 E:\Projects\htdocs\thinkframe\app\Controllers\Getdatainjson.php(73): CodeIgniter\Database\BaseBuilder->get()
#5 E:\Projects\htdocs\thinkframe\system\CodeIgniter.php(931): App\Controllers\Getdatainjson->allhyps()
#6 E:\Projects\htdocs\thinkframe\system\CodeIgniter.php(439): CodeIgniter\CodeIgniter->runController(Object(App\Controllers\Getdatainjson))
#7 E:\Projects\htdocs\thinkframe\system\CodeIgniter.php(339): CodeIgniter\CodeIgniter->handleRequest(NULL, Object(Config\Cache), false)
#8 E:\Projects\htdocs\thinkframe\public\index.php(36): CodeIgniter\CodeIgniter->run()
#9 {main}
ERROR - 2021-06-01 07:11:57 --> Unknown column 'options.option_id' in 'on clause'
CRITICAL - 2021-06-01 07:11:57 --> Unknown column 'options.option_id' in 'on clause'
#0 E:\Projects\htdocs\thinkframe\system\Database\MySQLi\Connection.php(329): mysqli->query('SELECT *\nFROM `...')
#1 E:\Projects\htdocs\thinkframe\system\Database\BaseConnection.php(732): CodeIgniter\Database\MySQLi\Connection->execute('SELECT *\nFROM `...')
#2 E:\Projects\htdocs\thinkframe\system\Database\BaseConnection.php(647): CodeIgniter\Database\BaseConnection->simpleQuery('SELECT *\nFROM `...')
#3 E:\Projects\htdocs\thinkframe\system\Database\BaseBuilder.php(1881): CodeIgniter\Database\BaseConnection->query('SELECT *\nFROM `...', Array, false)
#4 E:\Projects\htdocs\thinkframe\app\Controllers\Getdatainjson.php(74): CodeIgniter\Database\BaseBuilder->get()
#5 E:\Projects\htdocs\thinkframe\system\CodeIgniter.php(931): App\Controllers\Getdatainjson->allhyps()
#6 E:\Projects\htdocs\thinkframe\system\CodeIgniter.php(439): CodeIgniter\CodeIgniter->runController(Object(App\Controllers\Getdatainjson))
#7 E:\Projects\htdocs\thinkframe\system\CodeIgniter.php(339): CodeIgniter\CodeIgniter->handleRequest(NULL, Object(Config\Cache), false)
#8 E:\Projects\htdocs\thinkframe\public\index.php(36): CodeIgniter\CodeIgniter->run()
#9 {main}
ERROR - 2021-06-01 07:13:40 --> Unknown column 'options.option_id' in 'on clause'
CRITICAL - 2021-06-01 07:13:40 --> Unknown column 'options.option_id' in 'on clause'
#0 E:\Projects\htdocs\thinkframe\system\Database\MySQLi\Connection.php(329): mysqli->query('SELECT *\nFROM `...')
#1 E:\Projects\htdocs\thinkframe\system\Database\BaseConnection.php(732): CodeIgniter\Database\MySQLi\Connection->execute('SELECT *\nFROM `...')
#2 E:\Projects\htdocs\thinkframe\system\Database\BaseConnection.php(647): CodeIgniter\Database\BaseConnection->simpleQuery('SELECT *\nFROM `...')
#3 E:\Projects\htdocs\thinkframe\system\Database\BaseBuilder.php(1881): CodeIgniter\Database\BaseConnection->query('SELECT *\nFROM `...', Array, false)
#4 E:\Projects\htdocs\thinkframe\app\Controllers\Getdatainjson.php(74): CodeIgniter\Database\BaseBuilder->get()
#5 E:\Projects\htdocs\thinkframe\system\CodeIgniter.php(931): App\Controllers\Getdatainjson->allhyps()
#6 E:\Projects\htdocs\thinkframe\system\CodeIgniter.php(439): CodeIgniter\CodeIgniter->runController(Object(App\Controllers\Getdatainjson))
#7 E:\Projects\htdocs\thinkframe\system\CodeIgniter.php(339): CodeIgniter\CodeIgniter->handleRequest(NULL, Object(Config\Cache), false)
#8 E:\Projects\htdocs\thinkframe\public\index.php(36): CodeIgniter\CodeIgniter->run()
#9 {main}
ERROR - 2021-06-01 07:16:38 --> Unknown column 'options.option_id' in 'on clause'
CRITICAL - 2021-06-01 07:16:38 --> Unknown column 'options.option_id' in 'on clause'
#0 E:\Projects\htdocs\thinkframe\system\Database\MySQLi\Connection.php(329): mysqli->query('SELECT *\nFROM `...')
#1 E:\Projects\htdocs\thinkframe\system\Database\BaseConnection.php(732): CodeIgniter\Database\MySQLi\Connection->execute('SELECT *\nFROM `...')
#2 E:\Projects\htdocs\thinkframe\system\Database\BaseConnection.php(647): CodeIgniter\Database\BaseConnection->simpleQuery('SELECT *\nFROM `...')
#3 E:\Projects\htdocs\thinkframe\system\Database\BaseBuilder.php(1881): CodeIgniter\Database\BaseConnection->query('SELECT *\nFROM `...', Array, false)
#4 E:\Projects\htdocs\thinkframe\app\Controllers\Getdatainjson.php(73): CodeIgniter\Database\BaseBuilder->get()
#5 E:\Projects\htdocs\thinkframe\system\CodeIgniter.php(931): App\Controllers\Getdatainjson->allhyps()
#6 E:\Projects\htdocs\thinkframe\system\CodeIgniter.php(439): CodeIgniter\CodeIgniter->runController(Object(App\Controllers\Getdatainjson))
#7 E:\Projects\htdocs\thinkframe\system\CodeIgniter.php(339): CodeIgniter\CodeIgniter->handleRequest(NULL, Object(Config\Cache), false)
#8 E:\Projects\htdocs\thinkframe\public\index.php(36): CodeIgniter\CodeIgniter->run()
#9 {main}
ERROR - 2021-06-01 07:16:48 --> Unknown column 'options.option_id' in 'on clause'
CRITICAL - 2021-06-01 07:16:48 --> Unknown column 'options.option_id' in 'on clause'
#0 E:\Projects\htdocs\thinkframe\system\Database\MySQLi\Connection.php(329): mysqli->query('SELECT *\nFROM `...')
#1 E:\Projects\htdocs\thinkframe\system\Database\BaseConnection.php(732): CodeIgniter\Database\MySQLi\Connection->execute('SELECT *\nFROM `...')
#2 E:\Projects\htdocs\thinkframe\system\Database\BaseConnection.php(647): CodeIgniter\Database\BaseConnection->simpleQuery('SELECT *\nFROM `...')
#3 E:\Projects\htdocs\thinkframe\system\Database\BaseBuilder.php(1881): CodeIgniter\Database\BaseConnection->query('SELECT *\nFROM `...', Array, false)
#4 E:\Projects\htdocs\thinkframe\app\Controllers\Getdatainjson.php(73): CodeIgniter\Database\BaseBuilder->get()
#5 E:\Projects\htdocs\thinkframe\system\CodeIgniter.php(931): App\Controllers\Getdatainjson->allhyps()
#6 E:\Projects\htdocs\thinkframe\system\CodeIgniter.php(439): CodeIgniter\CodeIgniter->runController(Object(App\Controllers\Getdatainjson))
#7 E:\Projects\htdocs\thinkframe\system\CodeIgniter.php(339): CodeIgniter\CodeIgniter->handleRequest(NULL, Object(Config\Cache), false)
#8 E:\Projects\htdocs\thinkframe\public\index.php(36): CodeIgniter\CodeIgniter->run()
#9 {main}
ERROR - 2021-06-01 07:17:39 --> Unknown column 'o.option_id' in 'on clause'
CRITICAL - 2021-06-01 07:17:39 --> Unknown column 'o.option_id' in 'on clause'
#0 E:\Projects\htdocs\thinkframe\system\Database\MySQLi\Connection.php(329): mysqli->query('SELECT *\nFROM `...')
#1 E:\Projects\htdocs\thinkframe\system\Database\BaseConnection.php(732): CodeIgniter\Database\MySQLi\Connection->execute('SELECT *\nFROM `...')
#2 E:\Projects\htdocs\thinkframe\system\Database\BaseConnection.php(647): CodeIgniter\Database\BaseConnection->simpleQuery('SELECT *\nFROM `...')
#3 E:\Projects\htdocs\thinkframe\system\Database\BaseBuilder.php(1881): CodeIgniter\Database\BaseConnection->query('SELECT *\nFROM `...', Array, false)
#4 E:\Projects\htdocs\thinkframe\app\Controllers\Getdatainjson.php(73): CodeIgniter\Database\BaseBuilder->get()
#5 E:\Projects\htdocs\thinkframe\system\CodeIgniter.php(931): App\Controllers\Getdatainjson->allhyps()
#6 E:\Projects\htdocs\thinkframe\system\CodeIgniter.php(439): CodeIgniter\CodeIgniter->runController(Object(App\Controllers\Getdatainjson))
#7 E:\Projects\htdocs\thinkframe\system\CodeIgniter.php(339): CodeIgniter\CodeIgniter->handleRequest(NULL, Object(Config\Cache), false)
#8 E:\Projects\htdocs\thinkframe\public\index.php(36): CodeIgniter\CodeIgniter->run()
#9 {main}
ERROR - 2021-06-01 07:18:49 --> Unknown column 'o.option_id' in 'on clause'
CRITICAL - 2021-06-01 07:18:49 --> Unknown column 'o.option_id' in 'on clause'
#0 E:\Projects\htdocs\thinkframe\system\Database\MySQLi\Connection.php(329): mysqli->query('SELECT `q`.*\nFR...')
#1 E:\Projects\htdocs\thinkframe\system\Database\BaseConnection.php(732): CodeIgniter\Database\MySQLi\Connection->execute('SELECT `q`.*\nFR...')
#2 E:\Projects\htdocs\thinkframe\system\Database\BaseConnection.php(647): CodeIgniter\Database\BaseConnection->simpleQuery('SELECT `q`.*\nFR...')
#3 E:\Projects\htdocs\thinkframe\system\Database\BaseBuilder.php(1881): CodeIgniter\Database\BaseConnection->query('SELECT `q`.*\nFR...', Array, false)
#4 E:\Projects\htdocs\thinkframe\app\Controllers\Getdatainjson.php(73): CodeIgniter\Database\BaseBuilder->get()
#5 E:\Projects\htdocs\thinkframe\system\CodeIgniter.php(931): App\Controllers\Getdatainjson->allhyps()
#6 E:\Projects\htdocs\thinkframe\system\CodeIgniter.php(439): CodeIgniter\CodeIgniter->runController(Object(App\Controllers\Getdatainjson))
#7 E:\Projects\htdocs\thinkframe\system\CodeIgniter.php(339): CodeIgniter\CodeIgniter->handleRequest(NULL, Object(Config\Cache), false)
#8 E:\Projects\htdocs\thinkframe\public\index.php(36): CodeIgniter\CodeIgniter->run()
#9 {main}
ERROR - 2021-06-01 07:19:12 --> Unknown column 'o.option_id' in 'on clause'
CRITICAL - 2021-06-01 07:19:12 --> Unknown column 'o.option_id' in 'on clause'
#0 E:\Projects\htdocs\thinkframe\system\Database\MySQLi\Connection.php(329): mysqli->query('SELECT `q`.*\nFR...')
#1 E:\Projects\htdocs\thinkframe\system\Database\BaseConnection.php(732): CodeIgniter\Database\MySQLi\Connection->execute('SELECT `q`.*\nFR...')
#2 E:\Projects\htdocs\thinkframe\system\Database\BaseConnection.php(647): CodeIgniter\Database\BaseConnection->simpleQuery('SELECT `q`.*\nFR...')
#3 E:\Projects\htdocs\thinkframe\system\Database\BaseBuilder.php(1881): CodeIgniter\Database\BaseConnection->query('SELECT `q`.*\nFR...', Array, false)
#4 E:\Projects\htdocs\thinkframe\app\Controllers\Getdatainjson.php(73): CodeIgniter\Database\BaseBuilder->get()
#5 E:\Projects\htdocs\thinkframe\system\CodeIgniter.php(931): App\Controllers\Getdatainjson->allhyps()
#6 E:\Projects\htdocs\thinkframe\system\CodeIgniter.php(439): CodeIgniter\CodeIgniter->runController(Object(App\Controllers\Getdatainjson))
#7 E:\Projects\htdocs\thinkframe\system\CodeIgniter.php(339): CodeIgniter\CodeIgniter->handleRequest(NULL, Object(Config\Cache), false)
#8 E:\Projects\htdocs\thinkframe\public\index.php(36): CodeIgniter\CodeIgniter->run()
#9 {main}
ERROR - 2021-06-01 07:23:14 --> Unknown column 'options.option_id' in 'on clause'
CRITICAL - 2021-06-01 07:23:14 --> Unknown column 'options.option_id' in 'on clause'
#0 E:\Projects\htdocs\thinkframe\system\Database\MySQLi\Connection.php(329): mysqli->query('SELECT *\nFROM `...')
#1 E:\Projects\htdocs\thinkframe\system\Database\BaseConnection.php(732): CodeIgniter\Database\MySQLi\Connection->execute('SELECT *\nFROM `...')
#2 E:\Projects\htdocs\thinkframe\system\Database\BaseConnection.php(647): CodeIgniter\Database\BaseConnection->simpleQuery('SELECT *\nFROM `...')
#3 E:\Projects\htdocs\thinkframe\system\Database\BaseBuilder.php(1881): CodeIgniter\Database\BaseConnection->query('SELECT *\nFROM `...', Array, false)
#4 E:\Projects\htdocs\thinkframe\app\Controllers\Getdatainjson.php(73): CodeIgniter\Database\BaseBuilder->get()
#5 E:\Projects\htdocs\thinkframe\system\CodeIgniter.php(931): App\Controllers\Getdatainjson->allhyps()
#6 E:\Projects\htdocs\thinkframe\system\CodeIgniter.php(439): CodeIgniter\CodeIgniter->runController(Object(App\Controllers\Getdatainjson))
#7 E:\Projects\htdocs\thinkframe\system\CodeIgniter.php(339): CodeIgniter\CodeIgniter->handleRequest(NULL, Object(Config\Cache), false)
#8 E:\Projects\htdocs\thinkframe\public\index.php(36): CodeIgniter\CodeIgniter->run()
#9 {main}
CRITICAL - 2021-06-01 07:36:37 --> Undefined index: hyp_with_point
#0 E:\Projects\htdocs\thinkframe\app\Controllers\Getdatainjson.php(88): CodeIgniter\Debug\Exceptions->errorHandler(8, 'Undefined index...', 'E:\\Projects\\htd...', 88, Array)
#1 E:\Projects\htdocs\thinkframe\system\CodeIgniter.php(931): App\Controllers\Getdatainjson->allhyps()
#2 E:\Projects\htdocs\thinkframe\system\CodeIgniter.php(439): CodeIgniter\CodeIgniter->runController(Object(App\Controllers\Getdatainjson))
#3 E:\Projects\htdocs\thinkframe\system\CodeIgniter.php(339): CodeIgniter\CodeIgniter->handleRequest(NULL, Object(Config\Cache), false)
#4 E:\Projects\htdocs\thinkframe\public\index.php(36): CodeIgniter\CodeIgniter->run()
#5 {main}
CRITICAL - 2021-06-01 07:38:01 --> syntax error, unexpected '}'
#0 E:\Projects\htdocs\thinkframe\system\Router\Router.php(169): CodeIgniter\Router\Router->autoRoute('getdatainjson/g...')
#1 E:\Projects\htdocs\thinkframe\system\CodeIgniter.php(812): CodeIgniter\Router\Router->handle('getdatainjson/g...')
#2 E:\Projects\htdocs\thinkframe\system\CodeIgniter.php(392): CodeIgniter\CodeIgniter->tryToRouteIt(Object(CodeIgniter\Router\RouteCollection))
#3 E:\Projects\htdocs\thinkframe\system\CodeIgniter.php(339): CodeIgniter\CodeIgniter->handleRequest(NULL, Object(Config\Cache), false)
#4 E:\Projects\htdocs\thinkframe\public\index.php(36): CodeIgniter\CodeIgniter->run()
#5 {main}
CRITICAL - 2021-06-01 08:35:16 --> Undefined index: hyp_id
#0 E:\Projects\htdocs\thinkframe\app\Controllers\Getdatainjson.php(218): CodeIgniter\Debug\Exceptions->errorHandler(8, 'Undefined index...', 'E:\\Projects\\htd...', 218, Array)
#1 E:\Projects\htdocs\thinkframe\system\CodeIgniter.php(931): App\Controllers\Getdatainjson->add_option_hyp()
#2 E:\Projects\htdocs\thinkframe\system\CodeIgniter.php(439): CodeIgniter\CodeIgniter->runController(Object(App\Controllers\Getdatainjson))
#3 E:\Projects\htdocs\thinkframe\system\CodeIgniter.php(339): CodeIgniter\CodeIgniter->handleRequest(NULL, Object(Config\Cache), false)
#4 E:\Projects\htdocs\thinkframe\public\index.php(36): CodeIgniter\CodeIgniter->run()
#5 {main}
CRITICAL - 2021-06-01 08:36:23 --> Undefined index: hyp_id
#0 E:\Projects\htdocs\thinkframe\app\Controllers\Getdatainjson.php(218): CodeIgniter\Debug\Exceptions->errorHandler(8, 'Undefined index...', 'E:\\Projects\\htd...', 218, Array)
#1 E:\Projects\htdocs\thinkframe\system\CodeIgniter.php(931): App\Controllers\Getdatainjson->add_option_hyp()
#2 E:\Projects\htdocs\thinkframe\system\CodeIgniter.php(439): CodeIgniter\CodeIgniter->runController(Object(App\Controllers\Getdatainjson))
#3 E:\Projects\htdocs\thinkframe\system\CodeIgniter.php(339): CodeIgniter\CodeIgniter->handleRequest(NULL, Object(Config\Cache), false)
#4 E:\Projects\htdocs\thinkframe\public\index.php(36): CodeIgniter\CodeIgniter->run()
#5 {main}
