CRITICAL - 2021-06-08 05:35:17 --> Undefined index: option_hyp_id
#0 E:\Projects\htdocs\thinkframe_beanstalk\app\Controllers\Getdatainjson.php(252): CodeIgniter\Debug\Exceptions->errorHandler(8, 'Undefined index...', 'E:\\Projects\\htd...', 252, Array)
#1 E:\Projects\htdocs\thinkframe_beanstalk\system\CodeIgniter.php(931): App\Controllers\Getdatainjson->add_option_hyp()
#2 E:\Projects\htdocs\thinkframe_beanstalk\system\CodeIgniter.php(439): CodeIgniter\CodeIgniter->runController(Object(App\Controllers\Getdatainjson))
#3 E:\Projects\htdocs\thinkframe_beanstalk\system\CodeIgniter.php(339): CodeIgniter\CodeIgniter->handleRequest(NULL, Object(Config\Cache), false)
#4 E:\Projects\htdocs\thinkframe_beanstalk\public\index.php(36): CodeIgniter\CodeIgniter->run()
#5 {main}
CRITICAL - 2021-06-08 05:35:33 --> Undefined index: option_hyp_id
#0 E:\Projects\htdocs\thinkframe_beanstalk\app\Controllers\Getdatainjson.php(252): CodeIgniter\Debug\Exceptions->errorHandler(8, 'Undefined index...', 'E:\\Projects\\htd...', 252, Array)
#1 E:\Projects\htdocs\thinkframe_beanstalk\system\CodeIgniter.php(931): App\Controllers\Getdatainjson->add_option_hyp()
#2 E:\Projects\htdocs\thinkframe_beanstalk\system\CodeIgniter.php(439): CodeIgniter\CodeIgniter->runController(Object(App\Controllers\Getdatainjson))
#3 E:\Projects\htdocs\thinkframe_beanstalk\system\CodeIgniter.php(339): CodeIgniter\CodeIgniter->handleRequest(NULL, Object(Config\Cache), false)
#4 E:\Projects\htdocs\thinkframe_beanstalk\public\index.php(36): CodeIgniter\CodeIgniter->run()
#5 {main}
CRITICAL - 2021-06-08 05:35:40 --> Undefined index: option_hyp_id
#0 E:\Projects\htdocs\thinkframe_beanstalk\app\Controllers\Getdatainjson.php(252): CodeIgniter\Debug\Exceptions->errorHandler(8, 'Undefined index...', 'E:\\Projects\\htd...', 252, Array)
#1 E:\Projects\htdocs\thinkframe_beanstalk\system\CodeIgniter.php(931): App\Controllers\Getdatainjson->add_option_hyp()
#2 E:\Projects\htdocs\thinkframe_beanstalk\system\CodeIgniter.php(439): CodeIgniter\CodeIgniter->runController(Object(App\Controllers\Getdatainjson))
#3 E:\Projects\htdocs\thinkframe_beanstalk\system\CodeIgniter.php(339): CodeIgniter\CodeIgniter->handleRequest(NULL, Object(Config\Cache), false)
#4 E:\Projects\htdocs\thinkframe_beanstalk\public\index.php(36): CodeIgniter\CodeIgniter->run()
#5 {main}
CRITICAL - 2021-06-08 05:37:32 --> Undefined index: option_hyp_id
#0 E:\Projects\htdocs\thinkframe_beanstalk\app\Controllers\Getdatainjson.php(252): CodeIgniter\Debug\Exceptions->errorHandler(8, 'Undefined index...', 'E:\\Projects\\htd...', 252, Array)
#1 E:\Projects\htdocs\thinkframe_beanstalk\system\CodeIgniter.php(931): App\Controllers\Getdatainjson->add_option_hyp()
#2 E:\Projects\htdocs\thinkframe_beanstalk\system\CodeIgniter.php(439): CodeIgniter\CodeIgniter->runController(Object(App\Controllers\Getdatainjson))
#3 E:\Projects\htdocs\thinkframe_beanstalk\system\CodeIgniter.php(339): CodeIgniter\CodeIgniter->handleRequest(NULL, Object(Config\Cache), false)
#4 E:\Projects\htdocs\thinkframe_beanstalk\public\index.php(36): CodeIgniter\CodeIgniter->run()
#5 {main}
CRITICAL - 2021-06-08 05:37:35 --> Undefined index: option_hyp_id
#0 E:\Projects\htdocs\thinkframe_beanstalk\app\Controllers\Getdatainjson.php(252): CodeIgniter\Debug\Exceptions->errorHandler(8, 'Undefined index...', 'E:\\Projects\\htd...', 252, Array)
#1 E:\Projects\htdocs\thinkframe_beanstalk\system\CodeIgniter.php(931): App\Controllers\Getdatainjson->add_option_hyp()
#2 E:\Projects\htdocs\thinkframe_beanstalk\system\CodeIgniter.php(439): CodeIgniter\CodeIgniter->runController(Object(App\Controllers\Getdatainjson))
#3 E:\Projects\htdocs\thinkframe_beanstalk\system\CodeIgniter.php(339): CodeIgniter\CodeIgniter->handleRequest(NULL, Object(Config\Cache), false)
#4 E:\Projects\htdocs\thinkframe_beanstalk\public\index.php(36): CodeIgniter\CodeIgniter->run()
#5 {main}
CRITICAL - 2021-06-08 05:37:37 --> Undefined index: option_hyp_id
#0 E:\Projects\htdocs\thinkframe_beanstalk\app\Controllers\Getdatainjson.php(252): CodeIgniter\Debug\Exceptions->errorHandler(8, 'Undefined index...', 'E:\\Projects\\htd...', 252, Array)
#1 E:\Projects\htdocs\thinkframe_beanstalk\system\CodeIgniter.php(931): App\Controllers\Getdatainjson->add_option_hyp()
#2 E:\Projects\htdocs\thinkframe_beanstalk\system\CodeIgniter.php(439): CodeIgniter\CodeIgniter->runController(Object(App\Controllers\Getdatainjson))
#3 E:\Projects\htdocs\thinkframe_beanstalk\system\CodeIgniter.php(339): CodeIgniter\CodeIgniter->handleRequest(NULL, Object(Config\Cache), false)
#4 E:\Projects\htdocs\thinkframe_beanstalk\public\index.php(36): CodeIgniter\CodeIgniter->run()
#5 {main}
CRITICAL - 2021-06-08 05:37:40 --> Undefined index: option_hyp_id
#0 E:\Projects\htdocs\thinkframe_beanstalk\app\Controllers\Getdatainjson.php(252): CodeIgniter\Debug\Exceptions->errorHandler(8, 'Undefined index...', 'E:\\Projects\\htd...', 252, Array)
#1 E:\Projects\htdocs\thinkframe_beanstalk\system\CodeIgniter.php(931): App\Controllers\Getdatainjson->add_option_hyp()
#2 E:\Projects\htdocs\thinkframe_beanstalk\system\CodeIgniter.php(439): CodeIgniter\CodeIgniter->runController(Object(App\Controllers\Getdatainjson))
#3 E:\Projects\htdocs\thinkframe_beanstalk\system\CodeIgniter.php(339): CodeIgniter\CodeIgniter->handleRequest(NULL, Object(Config\Cache), false)
#4 E:\Projects\htdocs\thinkframe_beanstalk\public\index.php(36): CodeIgniter\CodeIgniter->run()
#5 {main}
CRITICAL - 2021-06-08 05:38:00 --> Undefined index: option_hyp_id
#0 E:\Projects\htdocs\thinkframe_beanstalk\app\Controllers\Getdatainjson.php(252): CodeIgniter\Debug\Exceptions->errorHandler(8, 'Undefined index...', 'E:\\Projects\\htd...', 252, Array)
#1 E:\Projects\htdocs\thinkframe_beanstalk\system\CodeIgniter.php(931): App\Controllers\Getdatainjson->add_option_hyp()
#2 E:\Projects\htdocs\thinkframe_beanstalk\system\CodeIgniter.php(439): CodeIgniter\CodeIgniter->runController(Object(App\Controllers\Getdatainjson))
#3 E:\Projects\htdocs\thinkframe_beanstalk\system\CodeIgniter.php(339): CodeIgniter\CodeIgniter->handleRequest(NULL, Object(Config\Cache), false)
#4 E:\Projects\htdocs\thinkframe_beanstalk\public\index.php(36): CodeIgniter\CodeIgniter->run()
#5 {main}
ERROR - 2021-06-08 08:12:09 --> Unknown column 'questions.question_id' in 'order clause'
CRITICAL - 2021-06-08 08:12:09 --> Unknown column 'questions.question_id' in 'order clause'
#0 E:\Projects\htdocs\thinkframe_beanstalk\system\Database\MySQLi\Connection.php(329): mysqli->query('SELECT `q`.*, `...')
#1 E:\Projects\htdocs\thinkframe_beanstalk\system\Database\BaseConnection.php(732): CodeIgniter\Database\MySQLi\Connection->execute('SELECT `q`.*, `...')
#2 E:\Projects\htdocs\thinkframe_beanstalk\system\Database\BaseConnection.php(647): CodeIgniter\Database\BaseConnection->simpleQuery('SELECT `q`.*, `...')
#3 E:\Projects\htdocs\thinkframe_beanstalk\system\Database\BaseBuilder.php(1881): CodeIgniter\Database\BaseConnection->query('SELECT `q`.*, `...', Array, false)
#4 E:\Projects\htdocs\thinkframe_beanstalk\app\Controllers\Getdatainjson.php(25): CodeIgniter\Database\BaseBuilder->get()
#5 E:\Projects\htdocs\thinkframe_beanstalk\system\CodeIgniter.php(931): App\Controllers\Getdatainjson->allquestions()
#6 E:\Projects\htdocs\thinkframe_beanstalk\system\CodeIgniter.php(439): CodeIgniter\CodeIgniter->runController(Object(App\Controllers\Getdatainjson))
#7 E:\Projects\htdocs\thinkframe_beanstalk\system\CodeIgniter.php(339): CodeIgniter\CodeIgniter->handleRequest(NULL, Object(Config\Cache), false)
#8 E:\Projects\htdocs\thinkframe_beanstalk\public\index.php(36): CodeIgniter\CodeIgniter->run()
#9 {main}
CRITICAL - 2021-06-08 08:14:34 --> Invalid argument supplied for foreach()
#0 E:\Projects\htdocs\thinkframe_beanstalk\app\Controllers\Getdatainjson.php(37): CodeIgniter\Debug\Exceptions->errorHandler(2, 'Invalid argumen...', 'E:\\Projects\\htd...', 37, Array)
#1 E:\Projects\htdocs\thinkframe_beanstalk\system\CodeIgniter.php(931): App\Controllers\Getdatainjson->allquestions()
#2 E:\Projects\htdocs\thinkframe_beanstalk\system\CodeIgniter.php(439): CodeIgniter\CodeIgniter->runController(Object(App\Controllers\Getdatainjson))
#3 E:\Projects\htdocs\thinkframe_beanstalk\system\CodeIgniter.php(339): CodeIgniter\CodeIgniter->handleRequest(NULL, Object(Config\Cache), false)
#4 E:\Projects\htdocs\thinkframe_beanstalk\public\index.php(36): CodeIgniter\CodeIgniter->run()
#5 {main}
CRITICAL - 2021-06-08 08:36:38 --> usort() expects exactly 2 parameters, 1 given
#0 [internal function]: CodeIgniter\Debug\Exceptions->errorHandler(2, 'usort() expects...', 'E:\\Projects\\htd...', 65, Array)
#1 E:\Projects\htdocs\thinkframe_beanstalk\app\Controllers\Getdatainjson.php(65): usort(Array)
#2 E:\Projects\htdocs\thinkframe_beanstalk\system\CodeIgniter.php(931): App\Controllers\Getdatainjson->allquestions()
#3 E:\Projects\htdocs\thinkframe_beanstalk\system\CodeIgniter.php(439): CodeIgniter\CodeIgniter->runController(Object(App\Controllers\Getdatainjson))
#4 E:\Projects\htdocs\thinkframe_beanstalk\system\CodeIgniter.php(339): CodeIgniter\CodeIgniter->handleRequest(NULL, Object(Config\Cache), false)
#5 E:\Projects\htdocs\thinkframe_beanstalk\public\index.php(36): CodeIgniter\CodeIgniter->run()
#6 {main}
CRITICAL - 2021-06-08 08:55:22 --> Use of undefined constant length - assumed 'length' (this will throw an Error in a future version of PHP)
#0 E:\Projects\htdocs\thinkframe_beanstalk\app\Controllers\Getdatainjson.php(67): CodeIgniter\Debug\Exceptions->errorHandler(2, 'Use of undefine...', 'E:\\Projects\\htd...', 67, Array)
#1 E:\Projects\htdocs\thinkframe_beanstalk\system\CodeIgniter.php(931): App\Controllers\Getdatainjson->allquestions()
#2 E:\Projects\htdocs\thinkframe_beanstalk\system\CodeIgniter.php(439): CodeIgniter\CodeIgniter->runController(Object(App\Controllers\Getdatainjson))
#3 E:\Projects\htdocs\thinkframe_beanstalk\system\CodeIgniter.php(339): CodeIgniter\CodeIgniter->handleRequest(NULL, Object(Config\Cache), false)
#4 E:\Projects\htdocs\thinkframe_beanstalk\public\index.php(36): CodeIgniter\CodeIgniter->run()
#5 {main}
CRITICAL - 2021-06-08 08:55:47 --> Undefined offset: 7
#0 E:\Projects\htdocs\thinkframe_beanstalk\app\Controllers\Getdatainjson.php(68): CodeIgniter\Debug\Exceptions->errorHandler(8, 'Undefined offse...', 'E:\\Projects\\htd...', 68, Array)
#1 E:\Projects\htdocs\thinkframe_beanstalk\system\CodeIgniter.php(931): App\Controllers\Getdatainjson->allquestions()
#2 E:\Projects\htdocs\thinkframe_beanstalk\system\CodeIgniter.php(439): CodeIgniter\CodeIgniter->runController(Object(App\Controllers\Getdatainjson))
#3 E:\Projects\htdocs\thinkframe_beanstalk\system\CodeIgniter.php(339): CodeIgniter\CodeIgniter->handleRequest(NULL, Object(Config\Cache), false)
#4 E:\Projects\htdocs\thinkframe_beanstalk\public\index.php(36): CodeIgniter\CodeIgniter->run()
#5 {main}
CRITICAL - 2021-06-08 08:56:14 --> Undefined offset: 7
#0 E:\Projects\htdocs\thinkframe_beanstalk\app\Controllers\Getdatainjson.php(68): CodeIgniter\Debug\Exceptions->errorHandler(8, 'Undefined offse...', 'E:\\Projects\\htd...', 68, Array)
#1 E:\Projects\htdocs\thinkframe_beanstalk\system\CodeIgniter.php(931): App\Controllers\Getdatainjson->allquestions()
#2 E:\Projects\htdocs\thinkframe_beanstalk\system\CodeIgniter.php(439): CodeIgniter\CodeIgniter->runController(Object(App\Controllers\Getdatainjson))
#3 E:\Projects\htdocs\thinkframe_beanstalk\system\CodeIgniter.php(339): CodeIgniter\CodeIgniter->handleRequest(NULL, Object(Config\Cache), false)
#4 E:\Projects\htdocs\thinkframe_beanstalk\public\index.php(36): CodeIgniter\CodeIgniter->run()
#5 {main}
CRITICAL - 2021-06-08 08:57:29 --> Undefined offset: 6
#0 E:\Projects\htdocs\thinkframe_beanstalk\app\Controllers\Getdatainjson.php(68): CodeIgniter\Debug\Exceptions->errorHandler(8, 'Undefined offse...', 'E:\\Projects\\htd...', 68, Array)
#1 E:\Projects\htdocs\thinkframe_beanstalk\system\CodeIgniter.php(931): App\Controllers\Getdatainjson->allquestions()
#2 E:\Projects\htdocs\thinkframe_beanstalk\system\CodeIgniter.php(439): CodeIgniter\CodeIgniter->runController(Object(App\Controllers\Getdatainjson))
#3 E:\Projects\htdocs\thinkframe_beanstalk\system\CodeIgniter.php(339): CodeIgniter\CodeIgniter->handleRequest(NULL, Object(Config\Cache), false)
#4 E:\Projects\htdocs\thinkframe_beanstalk\public\index.php(36): CodeIgniter\CodeIgniter->run()
#5 {main}
CRITICAL - 2021-06-08 09:23:43 --> Call to undefined function App\Controllers\key_values()
#0 E:\Projects\htdocs\thinkframe_beanstalk\system\CodeIgniter.php(931): App\Controllers\Getdatainjson->allquestions()
#1 E:\Projects\htdocs\thinkframe_beanstalk\system\CodeIgniter.php(439): CodeIgniter\CodeIgniter->runController(Object(App\Controllers\Getdatainjson))
#2 E:\Projects\htdocs\thinkframe_beanstalk\system\CodeIgniter.php(339): CodeIgniter\CodeIgniter->handleRequest(NULL, Object(Config\Cache), false)
#3 E:\Projects\htdocs\thinkframe_beanstalk\public\index.php(36): CodeIgniter\CodeIgniter->run()
#4 {main}
