CRITICAL - 2021-06-15 00:21:02 --> Undefined offset: 2
#0 E:\Projects\htdocs\thinkframe_beanstalk\app\Controllers\Getdatainjson.php(66): CodeIgniter\Debug\Exceptions->errorHandler(8, 'Undefined offse...', 'E:\\Projects\\htd...', 66, Array)
#1 E:\Projects\htdocs\thinkframe_beanstalk\system\CodeIgniter.php(931): App\Controllers\Getdatainjson->allquestions()
#2 E:\Projects\htdocs\thinkframe_beanstalk\system\CodeIgniter.php(439): CodeIgniter\CodeIgniter->runController(Object(App\Controllers\Getdatainjson))
#3 E:\Projects\htdocs\thinkframe_beanstalk\system\CodeIgniter.php(339): CodeIgniter\CodeIgniter->handleRequest(NULL, Object(Config\Cache), false)
#4 E:\Projects\htdocs\thinkframe_beanstalk\public\index.php(36): CodeIgniter\CodeIgniter->run()
#5 {main}
CRITICAL - 2021-06-15 00:21:07 --> Undefined offset: 2
#0 E:\Projects\htdocs\thinkframe_beanstalk\app\Controllers\Getdatainjson.php(66): CodeIgniter\Debug\Exceptions->errorHandler(8, 'Undefined offse...', 'E:\\Projects\\htd...', 66, Array)
#1 E:\Projects\htdocs\thinkframe_beanstalk\system\CodeIgniter.php(931): App\Controllers\Getdatainjson->allquestions()
#2 E:\Projects\htdocs\thinkframe_beanstalk\system\CodeIgniter.php(439): CodeIgniter\CodeIgniter->runController(Object(App\Controllers\Getdatainjson))
#3 E:\Projects\htdocs\thinkframe_beanstalk\system\CodeIgniter.php(339): CodeIgniter\CodeIgniter->handleRequest(NULL, Object(Config\Cache), false)
#4 E:\Projects\htdocs\thinkframe_beanstalk\public\index.php(36): CodeIgniter\CodeIgniter->run()
#5 {main}
CRITICAL - 2021-06-15 00:21:14 --> Undefined offset: 2
#0 E:\Projects\htdocs\thinkframe_beanstalk\app\Controllers\Getdatainjson.php(66): CodeIgniter\Debug\Exceptions->errorHandler(8, 'Undefined offse...', 'E:\\Projects\\htd...', 66, Array)
#1 E:\Projects\htdocs\thinkframe_beanstalk\system\CodeIgniter.php(931): App\Controllers\Getdatainjson->allquestions()
#2 E:\Projects\htdocs\thinkframe_beanstalk\system\CodeIgniter.php(439): CodeIgniter\CodeIgniter->runController(Object(App\Controllers\Getdatainjson))
#3 E:\Projects\htdocs\thinkframe_beanstalk\system\CodeIgniter.php(339): CodeIgniter\CodeIgniter->handleRequest(NULL, Object(Config\Cache), false)
#4 E:\Projects\htdocs\thinkframe_beanstalk\public\index.php(36): CodeIgniter\CodeIgniter->run()
#5 {main}
CRITICAL - 2021-06-15 00:21:25 --> Undefined offset: 2
#0 E:\Projects\htdocs\thinkframe_beanstalk\app\Controllers\Getdatainjson.php(66): CodeIgniter\Debug\Exceptions->errorHandler(8, 'Undefined offse...', 'E:\\Projects\\htd...', 66, Array)
#1 E:\Projects\htdocs\thinkframe_beanstalk\system\CodeIgniter.php(931): App\Controllers\Getdatainjson->allquestions()
#2 E:\Projects\htdocs\thinkframe_beanstalk\system\CodeIgniter.php(439): CodeIgniter\CodeIgniter->runController(Object(App\Controllers\Getdatainjson))
#3 E:\Projects\htdocs\thinkframe_beanstalk\system\CodeIgniter.php(339): CodeIgniter\CodeIgniter->handleRequest(NULL, Object(Config\Cache), false)
#4 E:\Projects\htdocs\thinkframe_beanstalk\public\index.php(36): CodeIgniter\CodeIgniter->run()
#5 {main}
CRITICAL - 2021-06-15 00:21:28 --> Undefined offset: 2
#0 E:\Projects\htdocs\thinkframe_beanstalk\app\Controllers\Getdatainjson.php(66): CodeIgniter\Debug\Exceptions->errorHandler(8, 'Undefined offse...', 'E:\\Projects\\htd...', 66, Array)
#1 E:\Projects\htdocs\thinkframe_beanstalk\system\CodeIgniter.php(931): App\Controllers\Getdatainjson->allquestions()
#2 E:\Projects\htdocs\thinkframe_beanstalk\system\CodeIgniter.php(439): CodeIgniter\CodeIgniter->runController(Object(App\Controllers\Getdatainjson))
#3 E:\Projects\htdocs\thinkframe_beanstalk\system\CodeIgniter.php(339): CodeIgniter\CodeIgniter->handleRequest(NULL, Object(Config\Cache), false)
#4 E:\Projects\htdocs\thinkframe_beanstalk\public\index.php(36): CodeIgniter\CodeIgniter->run()
#5 {main}
CRITICAL - 2021-06-15 00:21:29 --> Undefined offset: 2
#0 E:\Projects\htdocs\thinkframe_beanstalk\app\Controllers\Getdatainjson.php(66): CodeIgniter\Debug\Exceptions->errorHandler(8, 'Undefined offse...', 'E:\\Projects\\htd...', 66, Array)
#1 E:\Projects\htdocs\thinkframe_beanstalk\system\CodeIgniter.php(931): App\Controllers\Getdatainjson->allquestions()
#2 E:\Projects\htdocs\thinkframe_beanstalk\system\CodeIgniter.php(439): CodeIgniter\CodeIgniter->runController(Object(App\Controllers\Getdatainjson))
#3 E:\Projects\htdocs\thinkframe_beanstalk\system\CodeIgniter.php(339): CodeIgniter\CodeIgniter->handleRequest(NULL, Object(Config\Cache), false)
#4 E:\Projects\htdocs\thinkframe_beanstalk\public\index.php(36): CodeIgniter\CodeIgniter->run()
#5 {main}
CRITICAL - 2021-06-15 00:21:36 --> Undefined offset: 2
#0 E:\Projects\htdocs\thinkframe_beanstalk\app\Controllers\Getdatainjson.php(66): CodeIgniter\Debug\Exceptions->errorHandler(8, 'Undefined offse...', 'E:\\Projects\\htd...', 66, Array)
#1 E:\Projects\htdocs\thinkframe_beanstalk\system\CodeIgniter.php(931): App\Controllers\Getdatainjson->allquestions()
#2 E:\Projects\htdocs\thinkframe_beanstalk\system\CodeIgniter.php(439): CodeIgniter\CodeIgniter->runController(Object(App\Controllers\Getdatainjson))
#3 E:\Projects\htdocs\thinkframe_beanstalk\system\CodeIgniter.php(339): CodeIgniter\CodeIgniter->handleRequest(NULL, Object(Config\Cache), false)
#4 E:\Projects\htdocs\thinkframe_beanstalk\public\index.php(36): CodeIgniter\CodeIgniter->run()
#5 {main}
CRITICAL - 2021-06-15 00:22:38 --> Undefined offset: 2
#0 E:\Projects\htdocs\thinkframe_beanstalk\app\Controllers\Getdatainjson.php(66): CodeIgniter\Debug\Exceptions->errorHandler(8, 'Undefined offse...', 'E:\\Projects\\htd...', 66, Array)
#1 E:\Projects\htdocs\thinkframe_beanstalk\system\CodeIgniter.php(931): App\Controllers\Getdatainjson->allquestions()
#2 E:\Projects\htdocs\thinkframe_beanstalk\system\CodeIgniter.php(439): CodeIgniter\CodeIgniter->runController(Object(App\Controllers\Getdatainjson))
#3 E:\Projects\htdocs\thinkframe_beanstalk\system\CodeIgniter.php(339): CodeIgniter\CodeIgniter->handleRequest(NULL, Object(Config\Cache), false)
#4 E:\Projects\htdocs\thinkframe_beanstalk\public\index.php(36): CodeIgniter\CodeIgniter->run()
#5 {main}
CRITICAL - 2021-06-15 00:25:40 --> Undefined offset: 2
#0 E:\Projects\htdocs\thinkframe_beanstalk\app\Controllers\Getdatainjson.php(66): CodeIgniter\Debug\Exceptions->errorHandler(8, 'Undefined offse...', 'E:\\Projects\\htd...', 66, Array)
#1 E:\Projects\htdocs\thinkframe_beanstalk\system\CodeIgniter.php(931): App\Controllers\Getdatainjson->allquestions()
#2 E:\Projects\htdocs\thinkframe_beanstalk\system\CodeIgniter.php(439): CodeIgniter\CodeIgniter->runController(Object(App\Controllers\Getdatainjson))
#3 E:\Projects\htdocs\thinkframe_beanstalk\system\CodeIgniter.php(339): CodeIgniter\CodeIgniter->handleRequest(NULL, Object(Config\Cache), false)
#4 E:\Projects\htdocs\thinkframe_beanstalk\public\index.php(36): CodeIgniter\CodeIgniter->run()
#5 {main}
CRITICAL - 2021-06-15 00:25:43 --> Undefined offset: 2
#0 E:\Projects\htdocs\thinkframe_beanstalk\app\Controllers\Getdatainjson.php(66): CodeIgniter\Debug\Exceptions->errorHandler(8, 'Undefined offse...', 'E:\\Projects\\htd...', 66, Array)
#1 E:\Projects\htdocs\thinkframe_beanstalk\system\CodeIgniter.php(931): App\Controllers\Getdatainjson->allquestions()
#2 E:\Projects\htdocs\thinkframe_beanstalk\system\CodeIgniter.php(439): CodeIgniter\CodeIgniter->runController(Object(App\Controllers\Getdatainjson))
#3 E:\Projects\htdocs\thinkframe_beanstalk\system\CodeIgniter.php(339): CodeIgniter\CodeIgniter->handleRequest(NULL, Object(Config\Cache), false)
#4 E:\Projects\htdocs\thinkframe_beanstalk\public\index.php(36): CodeIgniter\CodeIgniter->run()
#5 {main}
CRITICAL - 2021-06-15 00:27:08 --> Undefined offset: 2
#0 E:\Projects\htdocs\thinkframe_beanstalk\app\Controllers\Getdatainjson.php(66): CodeIgniter\Debug\Exceptions->errorHandler(8, 'Undefined offse...', 'E:\\Projects\\htd...', 66, Array)
#1 E:\Projects\htdocs\thinkframe_beanstalk\system\CodeIgniter.php(931): App\Controllers\Getdatainjson->allquestions()
#2 E:\Projects\htdocs\thinkframe_beanstalk\system\CodeIgniter.php(439): CodeIgniter\CodeIgniter->runController(Object(App\Controllers\Getdatainjson))
#3 E:\Projects\htdocs\thinkframe_beanstalk\system\CodeIgniter.php(339): CodeIgniter\CodeIgniter->handleRequest(NULL, Object(Config\Cache), false)
#4 E:\Projects\htdocs\thinkframe_beanstalk\public\index.php(36): CodeIgniter\CodeIgniter->run()
#5 {main}
CRITICAL - 2021-06-15 00:42:44 --> Undefined offset: 2
#0 E:\Projects\htdocs\thinkframe_beanstalk\app\Controllers\Getdatainjson.php(66): CodeIgniter\Debug\Exceptions->errorHandler(8, 'Undefined offse...', 'E:\\Projects\\htd...', 66, Array)
#1 E:\Projects\htdocs\thinkframe_beanstalk\system\CodeIgniter.php(931): App\Controllers\Getdatainjson->allquestions()
#2 E:\Projects\htdocs\thinkframe_beanstalk\system\CodeIgniter.php(439): CodeIgniter\CodeIgniter->runController(Object(App\Controllers\Getdatainjson))
#3 E:\Projects\htdocs\thinkframe_beanstalk\system\CodeIgniter.php(339): CodeIgniter\CodeIgniter->handleRequest(NULL, Object(Config\Cache), false)
#4 E:\Projects\htdocs\thinkframe_beanstalk\public\index.php(36): CodeIgniter\CodeIgniter->run()
#5 {main}
CRITICAL - 2021-06-15 00:56:23 --> syntax error, unexpected '&'
#0 E:\Projects\htdocs\thinkframe_beanstalk\system\Router\Router.php(169): CodeIgniter\Router\Router->autoRoute('getdatainjson/a...')
#1 E:\Projects\htdocs\thinkframe_beanstalk\system\CodeIgniter.php(812): CodeIgniter\Router\Router->handle('getdatainjson/a...')
#2 E:\Projects\htdocs\thinkframe_beanstalk\system\CodeIgniter.php(392): CodeIgniter\CodeIgniter->tryToRouteIt(Object(CodeIgniter\Router\RouteCollection))
#3 E:\Projects\htdocs\thinkframe_beanstalk\system\CodeIgniter.php(339): CodeIgniter\CodeIgniter->handleRequest(NULL, Object(Config\Cache), false)
#4 E:\Projects\htdocs\thinkframe_beanstalk\public\index.php(36): CodeIgniter\CodeIgniter->run()
#5 {main}
ERROR - 2021-06-15 00:56:36 --> You have an error in your SQL syntax; check the manual that corresponds to your MariaDB server version for the right syntax to use near '`&&&`) AS hyp_with_point
FROM `options`
LEFT JOIN `option_hyp` AS `oh` ON `oh`.`' at line 1
CRITICAL - 2021-06-15 00:56:36 --> You have an error in your SQL syntax; check the manual that corresponds to your MariaDB server version for the right syntax to use near '`&&&`) AS hyp_with_point
FROM `options`
LEFT JOIN `option_hyp` AS `oh` ON `oh`.`' at line 1
#0 E:\Projects\htdocs\thinkframe_beanstalk\system\Database\MySQLi\Connection.php(329): mysqli->query('SELECT `q`.*, `...')
#1 E:\Projects\htdocs\thinkframe_beanstalk\system\Database\BaseConnection.php(732): CodeIgniter\Database\MySQLi\Connection->execute('SELECT `q`.*, `...')
#2 E:\Projects\htdocs\thinkframe_beanstalk\system\Database\BaseConnection.php(647): CodeIgniter\Database\BaseConnection->simpleQuery('SELECT `q`.*, `...')
#3 E:\Projects\htdocs\thinkframe_beanstalk\system\Database\BaseBuilder.php(1881): CodeIgniter\Database\BaseConnection->query('SELECT `q`.*, `...', Array, false)
#4 E:\Projects\htdocs\thinkframe_beanstalk\app\Controllers\Getdatainjson.php(25): CodeIgniter\Database\BaseBuilder->get()
#5 E:\Projects\htdocs\thinkframe_beanstalk\system\CodeIgniter.php(931): App\Controllers\Getdatainjson->allquestions()
#6 E:\Projects\htdocs\thinkframe_beanstalk\system\CodeIgniter.php(439): CodeIgniter\CodeIgniter->runController(Object(App\Controllers\Getdatainjson))
#7 E:\Projects\htdocs\thinkframe_beanstalk\system\CodeIgniter.php(339): CodeIgniter\CodeIgniter->handleRequest(NULL, Object(Config\Cache), false)
#8 E:\Projects\htdocs\thinkframe_beanstalk\public\index.php(36): CodeIgniter\CodeIgniter->run()
#9 {main}
ERROR - 2021-06-15 00:57:36 --> You have an error in your SQL syntax; check the manual that corresponds to your MariaDB server version for the right syntax to use near '&&&) AS hyp_with_point
FROM `options`
LEFT JOIN `option_hyp` AS `oh` ON `oh`.`op' at line 1
CRITICAL - 2021-06-15 00:57:36 --> You have an error in your SQL syntax; check the manual that corresponds to your MariaDB server version for the right syntax to use near '&&&) AS hyp_with_point
FROM `options`
LEFT JOIN `option_hyp` AS `oh` ON `oh`.`op' at line 1
#0 E:\Projects\htdocs\thinkframe_beanstalk\system\Database\MySQLi\Connection.php(329): mysqli->query('SELECT `q`.*, `...')
#1 E:\Projects\htdocs\thinkframe_beanstalk\system\Database\BaseConnection.php(732): CodeIgniter\Database\MySQLi\Connection->execute('SELECT `q`.*, `...')
#2 E:\Projects\htdocs\thinkframe_beanstalk\system\Database\BaseConnection.php(647): CodeIgniter\Database\BaseConnection->simpleQuery('SELECT `q`.*, `...')
#3 E:\Projects\htdocs\thinkframe_beanstalk\system\Database\BaseBuilder.php(1881): CodeIgniter\Database\BaseConnection->query('SELECT `q`.*, `...', Array, false)
#4 E:\Projects\htdocs\thinkframe_beanstalk\app\Controllers\Getdatainjson.php(25): CodeIgniter\Database\BaseBuilder->get()
#5 E:\Projects\htdocs\thinkframe_beanstalk\system\CodeIgniter.php(931): App\Controllers\Getdatainjson->allquestions()
#6 E:\Projects\htdocs\thinkframe_beanstalk\system\CodeIgniter.php(439): CodeIgniter\CodeIgniter->runController(Object(App\Controllers\Getdatainjson))
#7 E:\Projects\htdocs\thinkframe_beanstalk\system\CodeIgniter.php(339): CodeIgniter\CodeIgniter->handleRequest(NULL, Object(Config\Cache), false)
#8 E:\Projects\htdocs\thinkframe_beanstalk\public\index.php(36): CodeIgniter\CodeIgniter->run()
#9 {main}
ERROR - 2021-06-15 00:57:38 --> You have an error in your SQL syntax; check the manual that corresponds to your MariaDB server version for the right syntax to use near '&&&) AS hyp_with_point
FROM `options`
LEFT JOIN `option_hyp` AS `oh` ON `oh`.`op' at line 1
CRITICAL - 2021-06-15 00:57:38 --> You have an error in your SQL syntax; check the manual that corresponds to your MariaDB server version for the right syntax to use near '&&&) AS hyp_with_point
FROM `options`
LEFT JOIN `option_hyp` AS `oh` ON `oh`.`op' at line 1
#0 E:\Projects\htdocs\thinkframe_beanstalk\system\Database\MySQLi\Connection.php(329): mysqli->query('SELECT `q`.*, `...')
#1 E:\Projects\htdocs\thinkframe_beanstalk\system\Database\BaseConnection.php(732): CodeIgniter\Database\MySQLi\Connection->execute('SELECT `q`.*, `...')
#2 E:\Projects\htdocs\thinkframe_beanstalk\system\Database\BaseConnection.php(647): CodeIgniter\Database\BaseConnection->simpleQuery('SELECT `q`.*, `...')
#3 E:\Projects\htdocs\thinkframe_beanstalk\system\Database\BaseBuilder.php(1881): CodeIgniter\Database\BaseConnection->query('SELECT `q`.*, `...', Array, false)
#4 E:\Projects\htdocs\thinkframe_beanstalk\app\Controllers\Getdatainjson.php(25): CodeIgniter\Database\BaseBuilder->get()
#5 E:\Projects\htdocs\thinkframe_beanstalk\system\CodeIgniter.php(931): App\Controllers\Getdatainjson->allquestions()
#6 E:\Projects\htdocs\thinkframe_beanstalk\system\CodeIgniter.php(439): CodeIgniter\CodeIgniter->runController(Object(App\Controllers\Getdatainjson))
#7 E:\Projects\htdocs\thinkframe_beanstalk\system\CodeIgniter.php(339): CodeIgniter\CodeIgniter->handleRequest(NULL, Object(Config\Cache), false)
#8 E:\Projects\htdocs\thinkframe_beanstalk\public\index.php(36): CodeIgniter\CodeIgniter->run()
#9 {main}
CRITICAL - 2021-06-15 01:44:48 --> syntax error, unexpected '$combo' (T_VARIABLE)
#0 E:\Projects\htdocs\thinkframe_beanstalk\system\Router\Router.php(169): CodeIgniter\Router\Router->autoRoute('getdatainjson/c...')
#1 E:\Projects\htdocs\thinkframe_beanstalk\system\CodeIgniter.php(812): CodeIgniter\Router\Router->handle('getdatainjson/c...')
#2 E:\Projects\htdocs\thinkframe_beanstalk\system\CodeIgniter.php(392): CodeIgniter\CodeIgniter->tryToRouteIt(Object(CodeIgniter\Router\RouteCollection))
#3 E:\Projects\htdocs\thinkframe_beanstalk\system\CodeIgniter.php(339): CodeIgniter\CodeIgniter->handleRequest(NULL, Object(Config\Cache), false)
#4 E:\Projects\htdocs\thinkframe_beanstalk\public\index.php(36): CodeIgniter\CodeIgniter->run()
#5 {main}
CRITICAL - 2021-06-15 01:45:00 --> syntax error, unexpected 'array_push' (T_STRING)
#0 E:\Projects\htdocs\thinkframe_beanstalk\system\Router\Router.php(169): CodeIgniter\Router\Router->autoRoute('getdatainjson/c...')
#1 E:\Projects\htdocs\thinkframe_beanstalk\system\CodeIgniter.php(812): CodeIgniter\Router\Router->handle('getdatainjson/c...')
#2 E:\Projects\htdocs\thinkframe_beanstalk\system\CodeIgniter.php(392): CodeIgniter\CodeIgniter->tryToRouteIt(Object(CodeIgniter\Router\RouteCollection))
#3 E:\Projects\htdocs\thinkframe_beanstalk\system\CodeIgniter.php(339): CodeIgniter\CodeIgniter->handleRequest(NULL, Object(Config\Cache), false)
#4 E:\Projects\htdocs\thinkframe_beanstalk\public\index.php(36): CodeIgniter\CodeIgniter->run()
#5 {main}
CRITICAL - 2021-06-15 01:45:02 --> syntax error, unexpected 'array_push' (T_STRING)
#0 E:\Projects\htdocs\thinkframe_beanstalk\system\Router\Router.php(169): CodeIgniter\Router\Router->autoRoute('getdatainjson/c...')
#1 E:\Projects\htdocs\thinkframe_beanstalk\system\CodeIgniter.php(812): CodeIgniter\Router\Router->handle('getdatainjson/c...')
#2 E:\Projects\htdocs\thinkframe_beanstalk\system\CodeIgniter.php(392): CodeIgniter\CodeIgniter->tryToRouteIt(Object(CodeIgniter\Router\RouteCollection))
#3 E:\Projects\htdocs\thinkframe_beanstalk\system\CodeIgniter.php(339): CodeIgniter\CodeIgniter->handleRequest(NULL, Object(Config\Cache), false)
#4 E:\Projects\htdocs\thinkframe_beanstalk\public\index.php(36): CodeIgniter\CodeIgniter->run()
#5 {main}
CRITICAL - 2021-06-15 01:45:10 --> Undefined index: combo_advice_id
#0 E:\Projects\htdocs\thinkframe_beanstalk\app\Controllers\Getdatainjson.php(952): CodeIgniter\Debug\Exceptions->errorHandler(8, 'Undefined index...', 'E:\\Projects\\htd...', 952, Array)
#1 E:\Projects\htdocs\thinkframe_beanstalk\system\CodeIgniter.php(931): App\Controllers\Getdatainjson->combos_hyps()
#2 E:\Projects\htdocs\thinkframe_beanstalk\system\CodeIgniter.php(439): CodeIgniter\CodeIgniter->runController(Object(App\Controllers\Getdatainjson))
#3 E:\Projects\htdocs\thinkframe_beanstalk\system\CodeIgniter.php(339): CodeIgniter\CodeIgniter->handleRequest(NULL, Object(Config\Cache), false)
#4 E:\Projects\htdocs\thinkframe_beanstalk\public\index.php(36): CodeIgniter\CodeIgniter->run()
#5 {main}
ERROR - 2021-06-15 07:13:48 --> Duplicate entry '0' for key 'PRIMARY'
CRITICAL - 2021-06-15 07:13:48 --> Duplicate entry '0' for key 'PRIMARY'
#0 E:\Projects\htdocs\thinkframe_beanstalk\system\Database\MySQLi\Connection.php(329): mysqli->query('INSERT INTO `co...')
#1 E:\Projects\htdocs\thinkframe_beanstalk\system\Database\BaseConnection.php(732): CodeIgniter\Database\MySQLi\Connection->execute('INSERT INTO `co...')
#2 E:\Projects\htdocs\thinkframe_beanstalk\system\Database\BaseConnection.php(647): CodeIgniter\Database\BaseConnection->simpleQuery('INSERT INTO `co...')
#3 E:\Projects\htdocs\thinkframe_beanstalk\system\Database\BaseBuilder.php(2120): CodeIgniter\Database\BaseConnection->query('INSERT INTO `co...', Array, false)
#4 E:\Projects\htdocs\thinkframe_beanstalk\app\Controllers\Getdatainjson.php(1054): CodeIgniter\Database\BaseBuilder->insertBatch(Array)
#5 E:\Projects\htdocs\thinkframe_beanstalk\system\CodeIgniter.php(931): App\Controllers\Getdatainjson->advice_combo_hyp()
#6 E:\Projects\htdocs\thinkframe_beanstalk\system\CodeIgniter.php(439): CodeIgniter\CodeIgniter->runController(Object(App\Controllers\Getdatainjson))
#7 E:\Projects\htdocs\thinkframe_beanstalk\system\CodeIgniter.php(339): CodeIgniter\CodeIgniter->handleRequest(NULL, Object(Config\Cache), false)
#8 E:\Projects\htdocs\thinkframe_beanstalk\public\index.php(36): CodeIgniter\CodeIgniter->run()
#9 {main}
ERROR - 2021-06-15 07:15:22 --> Duplicate entry '0' for key 'PRIMARY'
CRITICAL - 2021-06-15 07:15:22 --> Duplicate entry '0' for key 'PRIMARY'
#0 E:\Projects\htdocs\thinkframe_beanstalk\system\Database\MySQLi\Connection.php(329): mysqli->query('INSERT INTO `co...')
#1 E:\Projects\htdocs\thinkframe_beanstalk\system\Database\BaseConnection.php(732): CodeIgniter\Database\MySQLi\Connection->execute('INSERT INTO `co...')
#2 E:\Projects\htdocs\thinkframe_beanstalk\system\Database\BaseConnection.php(647): CodeIgniter\Database\BaseConnection->simpleQuery('INSERT INTO `co...')
#3 E:\Projects\htdocs\thinkframe_beanstalk\system\Database\BaseBuilder.php(2120): CodeIgniter\Database\BaseConnection->query('INSERT INTO `co...', Array, false)
#4 E:\Projects\htdocs\thinkframe_beanstalk\app\Controllers\Getdatainjson.php(1054): CodeIgniter\Database\BaseBuilder->insertBatch(Array)
#5 E:\Projects\htdocs\thinkframe_beanstalk\system\CodeIgniter.php(931): App\Controllers\Getdatainjson->advice_combo_hyp()
#6 E:\Projects\htdocs\thinkframe_beanstalk\system\CodeIgniter.php(439): CodeIgniter\CodeIgniter->runController(Object(App\Controllers\Getdatainjson))
#7 E:\Projects\htdocs\thinkframe_beanstalk\system\CodeIgniter.php(339): CodeIgniter\CodeIgniter->handleRequest(NULL, Object(Config\Cache), false)
#8 E:\Projects\htdocs\thinkframe_beanstalk\public\index.php(36): CodeIgniter\CodeIgniter->run()
#9 {main}
ERROR - 2021-06-15 07:17:05 --> Duplicate entry '0' for key 'PRIMARY'
CRITICAL - 2021-06-15 07:17:05 --> Duplicate entry '0' for key 'PRIMARY'
#0 E:\Projects\htdocs\thinkframe_beanstalk\system\Database\MySQLi\Connection.php(329): mysqli->query('INSERT INTO `co...')
#1 E:\Projects\htdocs\thinkframe_beanstalk\system\Database\BaseConnection.php(732): CodeIgniter\Database\MySQLi\Connection->execute('INSERT INTO `co...')
#2 E:\Projects\htdocs\thinkframe_beanstalk\system\Database\BaseConnection.php(647): CodeIgniter\Database\BaseConnection->simpleQuery('INSERT INTO `co...')
#3 E:\Projects\htdocs\thinkframe_beanstalk\system\Database\BaseBuilder.php(2120): CodeIgniter\Database\BaseConnection->query('INSERT INTO `co...', Array, false)
#4 E:\Projects\htdocs\thinkframe_beanstalk\app\Controllers\Getdatainjson.php(1054): CodeIgniter\Database\BaseBuilder->insertBatch(Array)
#5 E:\Projects\htdocs\thinkframe_beanstalk\system\CodeIgniter.php(931): App\Controllers\Getdatainjson->advice_combo_hyp()
#6 E:\Projects\htdocs\thinkframe_beanstalk\system\CodeIgniter.php(439): CodeIgniter\CodeIgniter->runController(Object(App\Controllers\Getdatainjson))
#7 E:\Projects\htdocs\thinkframe_beanstalk\system\CodeIgniter.php(339): CodeIgniter\CodeIgniter->handleRequest(NULL, Object(Config\Cache), false)
#8 E:\Projects\htdocs\thinkframe_beanstalk\public\index.php(36): CodeIgniter\CodeIgniter->run()
#9 {main}
CRITICAL - 2021-06-15 08:14:39 --> array_push() expects parameter 1 to be array, null given
#0 [internal function]: CodeIgniter\Debug\Exceptions->errorHandler(2, 'array_push() ex...', 'E:\\Projects\\htd...', 932, Array)
#1 E:\Projects\htdocs\thinkframe_beanstalk\app\Controllers\Getdatainjson.php(932): array_push(NULL, Array)
#2 E:\Projects\htdocs\thinkframe_beanstalk\system\CodeIgniter.php(931): App\Controllers\Getdatainjson->advices()
#3 E:\Projects\htdocs\thinkframe_beanstalk\system\CodeIgniter.php(439): CodeIgniter\CodeIgniter->runController(Object(App\Controllers\Getdatainjson))
#4 E:\Projects\htdocs\thinkframe_beanstalk\system\CodeIgniter.php(339): CodeIgniter\CodeIgniter->handleRequest(NULL, Object(Config\Cache), false)
#5 E:\Projects\htdocs\thinkframe_beanstalk\public\index.php(36): CodeIgniter\CodeIgniter->run()
#6 {main}
CRITICAL - 2021-06-15 22:54:22 --> Trying to get property 'option_hyp_id' of non-object
#0 E:\Projects\htdocs\thinkframe_beanstalk\app\Controllers\Getdatainjson.php(601): CodeIgniter\Debug\Exceptions->errorHandler(8, 'Trying to get p...', 'E:\\Projects\\htd...', 601, Array)
#1 E:\Projects\htdocs\thinkframe_beanstalk\system\CodeIgniter.php(931): App\Controllers\Getdatainjson->add_links_pending()
#2 E:\Projects\htdocs\thinkframe_beanstalk\system\CodeIgniter.php(439): CodeIgniter\CodeIgniter->runController(Object(App\Controllers\Getdatainjson))
#3 E:\Projects\htdocs\thinkframe_beanstalk\system\CodeIgniter.php(339): CodeIgniter\CodeIgniter->handleRequest(NULL, Object(Config\Cache), false)
#4 E:\Projects\htdocs\thinkframe_beanstalk\public\index.php(36): CodeIgniter\CodeIgniter->run()
#5 {main}
CRITICAL - 2021-06-15 22:57:17 --> Trying to get property 'option_hyp_id' of non-object
#0 E:\Projects\htdocs\thinkframe_beanstalk\app\Controllers\Getdatainjson.php(451): CodeIgniter\Debug\Exceptions->errorHandler(8, 'Trying to get p...', 'E:\\Projects\\htd...', 451, Array)
#1 E:\Projects\htdocs\thinkframe_beanstalk\system\CodeIgniter.php(931): App\Controllers\Getdatainjson->add_empty_option_hyps()
#2 E:\Projects\htdocs\thinkframe_beanstalk\system\CodeIgniter.php(439): CodeIgniter\CodeIgniter->runController(Object(App\Controllers\Getdatainjson))
#3 E:\Projects\htdocs\thinkframe_beanstalk\system\CodeIgniter.php(339): CodeIgniter\CodeIgniter->handleRequest(NULL, Object(Config\Cache), false)
#4 E:\Projects\htdocs\thinkframe_beanstalk\public\index.php(36): CodeIgniter\CodeIgniter->run()
#5 {main}
