CRITICAL - 2021-06-18 18:21:38 --> Too few arguments to function App\Controllers\Getdatainjson::hyps_frontend(), 0 passed in E:\Projects\htdocs\thinkframe_beanstalk\system\CodeIgniter.php on line 931 and exactly 1 expected
#0 E:\Projects\htdocs\thinkframe_beanstalk\system\CodeIgniter.php(931): App\Controllers\Getdatainjson->hyps_frontend()
#1 E:\Projects\htdocs\thinkframe_beanstalk\system\CodeIgniter.php(439): CodeIgniter\CodeIgniter->runController(Object(App\Controllers\Getdatainjson))
#2 E:\Projects\htdocs\thinkframe_beanstalk\system\CodeIgniter.php(339): CodeIgniter\CodeIgniter->handleRequest(NULL, Object(Config\Cache), false)
#3 E:\Projects\htdocs\thinkframe_beanstalk\public\index.php(36): CodeIgniter\CodeIgniter->run()
#4 {main}
CRITICAL - 2021-06-18 23:33:30 --> Undefined variable: advice_id
#0 E:\Projects\htdocs\thinkframe_beanstalk\app\Controllers\Getdatainjson.php(1618): CodeIgniter\Debug\Exceptions->errorHandler(8, 'Undefined varia...', 'E:\\Projects\\htd...', 1618, Array)
#1 E:\Projects\htdocs\thinkframe_beanstalk\system\CodeIgniter.php(931): App\Controllers\Getdatainjson->update_relevance()
#2 E:\Projects\htdocs\thinkframe_beanstalk\system\CodeIgniter.php(439): CodeIgniter\CodeIgniter->runController(Object(App\Controllers\Getdatainjson))
#3 E:\Projects\htdocs\thinkframe_beanstalk\system\CodeIgniter.php(339): CodeIgniter\CodeIgniter->handleRequest(NULL, Object(Config\Cache), false)
#4 E:\Projects\htdocs\thinkframe_beanstalk\public\index.php(36): CodeIgniter\CodeIgniter->run()
#5 {main}
CRITICAL - 2021-06-18 23:48:28 --> syntax error, unexpected 'if' (T_IF)
#0 E:\Projects\htdocs\thinkframe_beanstalk\system\Router\Router.php(169): CodeIgniter\Router\Router->autoRoute('getdatainjson/h...')
#1 E:\Projects\htdocs\thinkframe_beanstalk\system\CodeIgniter.php(812): CodeIgniter\Router\Router->handle('getdatainjson/h...')
#2 E:\Projects\htdocs\thinkframe_beanstalk\system\CodeIgniter.php(392): CodeIgniter\CodeIgniter->tryToRouteIt(Object(CodeIgniter\Router\RouteCollection))
#3 E:\Projects\htdocs\thinkframe_beanstalk\system\CodeIgniter.php(339): CodeIgniter\CodeIgniter->handleRequest(NULL, Object(Config\Cache), false)
#4 E:\Projects\htdocs\thinkframe_beanstalk\public\index.php(36): CodeIgniter\CodeIgniter->run()
#5 {main}
CRITICAL - 2021-06-18 23:49:15 --> syntax error, unexpected 'if' (T_IF)
#0 E:\Projects\htdocs\thinkframe_beanstalk\system\Router\Router.php(169): CodeIgniter\Router\Router->autoRoute('getdatainjson/s...')
#1 E:\Projects\htdocs\thinkframe_beanstalk\system\CodeIgniter.php(812): CodeIgniter\Router\Router->handle('getdatainjson/s...')
#2 E:\Projects\htdocs\thinkframe_beanstalk\system\CodeIgniter.php(392): CodeIgniter\CodeIgniter->tryToRouteIt(Object(CodeIgniter\Router\RouteCollection))
#3 E:\Projects\htdocs\thinkframe_beanstalk\system\CodeIgniter.php(339): CodeIgniter\CodeIgniter->handleRequest(NULL, Object(Config\Cache), false)
#4 E:\Projects\htdocs\thinkframe_beanstalk\public\index.php(36): CodeIgniter\CodeIgniter->run()
#5 {main}
CRITICAL - 2021-06-18 23:49:15 --> syntax error, unexpected 'if' (T_IF)
#0 E:\Projects\htdocs\thinkframe_beanstalk\system\Router\Router.php(169): CodeIgniter\Router\Router->autoRoute('getdatainjson/s...')
#1 E:\Projects\htdocs\thinkframe_beanstalk\system\CodeIgniter.php(812): CodeIgniter\Router\Router->handle('getdatainjson/s...')
#2 E:\Projects\htdocs\thinkframe_beanstalk\system\CodeIgniter.php(392): CodeIgniter\CodeIgniter->tryToRouteIt(Object(CodeIgniter\Router\RouteCollection))
#3 E:\Projects\htdocs\thinkframe_beanstalk\system\CodeIgniter.php(339): CodeIgniter\CodeIgniter->handleRequest(NULL, Object(Config\Cache), false)
#4 E:\Projects\htdocs\thinkframe_beanstalk\public\index.php(36): CodeIgniter\CodeIgniter->run()
#5 {main}
CRITICAL - 2021-06-18 23:49:20 --> syntax error, unexpected 'if' (T_IF)
#0 E:\Projects\htdocs\thinkframe_beanstalk\system\Router\Router.php(169): CodeIgniter\Router\Router->autoRoute('getdatainjson/s...')
#1 E:\Projects\htdocs\thinkframe_beanstalk\system\CodeIgniter.php(812): CodeIgniter\Router\Router->handle('getdatainjson/s...')
#2 E:\Projects\htdocs\thinkframe_beanstalk\system\CodeIgniter.php(392): CodeIgniter\CodeIgniter->tryToRouteIt(Object(CodeIgniter\Router\RouteCollection))
#3 E:\Projects\htdocs\thinkframe_beanstalk\system\CodeIgniter.php(339): CodeIgniter\CodeIgniter->handleRequest(NULL, Object(Config\Cache), false)
#4 E:\Projects\htdocs\thinkframe_beanstalk\public\index.php(36): CodeIgniter\CodeIgniter->run()
#5 {main}
CRITICAL - 2021-06-18 23:49:20 --> syntax error, unexpected 'if' (T_IF)
#0 E:\Projects\htdocs\thinkframe_beanstalk\system\Router\Router.php(169): CodeIgniter\Router\Router->autoRoute('getdatainjson/s...')
#1 E:\Projects\htdocs\thinkframe_beanstalk\system\CodeIgniter.php(812): CodeIgniter\Router\Router->handle('getdatainjson/s...')
#2 E:\Projects\htdocs\thinkframe_beanstalk\system\CodeIgniter.php(392): CodeIgniter\CodeIgniter->tryToRouteIt(Object(CodeIgniter\Router\RouteCollection))
#3 E:\Projects\htdocs\thinkframe_beanstalk\system\CodeIgniter.php(339): CodeIgniter\CodeIgniter->handleRequest(NULL, Object(Config\Cache), false)
#4 E:\Projects\htdocs\thinkframe_beanstalk\public\index.php(36): CodeIgniter\CodeIgniter->run()
#5 {main}
CRITICAL - 2021-06-18 23:51:40 --> syntax error, unexpected 'if' (T_IF)
#0 E:\Projects\htdocs\thinkframe_beanstalk\system\Router\Router.php(169): CodeIgniter\Router\Router->autoRoute('getdatainjson/h...')
#1 E:\Projects\htdocs\thinkframe_beanstalk\system\CodeIgniter.php(812): CodeIgniter\Router\Router->handle('getdatainjson/h...')
#2 E:\Projects\htdocs\thinkframe_beanstalk\system\CodeIgniter.php(392): CodeIgniter\CodeIgniter->tryToRouteIt(Object(CodeIgniter\Router\RouteCollection))
#3 E:\Projects\htdocs\thinkframe_beanstalk\system\CodeIgniter.php(339): CodeIgniter\CodeIgniter->handleRequest(NULL, Object(Config\Cache), false)
#4 E:\Projects\htdocs\thinkframe_beanstalk\public\index.php(36): CodeIgniter\CodeIgniter->run()
#5 {main}
CRITICAL - 2021-06-18 23:51:47 --> syntax error, unexpected 'if' (T_IF)
#0 E:\Projects\htdocs\thinkframe_beanstalk\system\Router\Router.php(169): CodeIgniter\Router\Router->autoRoute('getdatainjson/s...')
#1 E:\Projects\htdocs\thinkframe_beanstalk\system\CodeIgniter.php(812): CodeIgniter\Router\Router->handle('getdatainjson/s...')
#2 E:\Projects\htdocs\thinkframe_beanstalk\system\CodeIgniter.php(392): CodeIgniter\CodeIgniter->tryToRouteIt(Object(CodeIgniter\Router\RouteCollection))
#3 E:\Projects\htdocs\thinkframe_beanstalk\system\CodeIgniter.php(339): CodeIgniter\CodeIgniter->handleRequest(NULL, Object(Config\Cache), false)
#4 E:\Projects\htdocs\thinkframe_beanstalk\public\index.php(36): CodeIgniter\CodeIgniter->run()
#5 {main}
CRITICAL - 2021-06-18 23:51:47 --> syntax error, unexpected 'if' (T_IF)
#0 E:\Projects\htdocs\thinkframe_beanstalk\system\Router\Router.php(169): CodeIgniter\Router\Router->autoRoute('getdatainjson/s...')
#1 E:\Projects\htdocs\thinkframe_beanstalk\system\CodeIgniter.php(812): CodeIgniter\Router\Router->handle('getdatainjson/s...')
#2 E:\Projects\htdocs\thinkframe_beanstalk\system\CodeIgniter.php(392): CodeIgniter\CodeIgniter->tryToRouteIt(Object(CodeIgniter\Router\RouteCollection))
#3 E:\Projects\htdocs\thinkframe_beanstalk\system\CodeIgniter.php(339): CodeIgniter\CodeIgniter->handleRequest(NULL, Object(Config\Cache), false)
#4 E:\Projects\htdocs\thinkframe_beanstalk\public\index.php(36): CodeIgniter\CodeIgniter->run()
#5 {main}
