CRITICAL - 2021-06-20 06:21:34 --> Undefined variable: scopes
#0 E:\Projects\htdocs\thinkframe_beanstalk\app\Views\thinkframe\quiz.php(187): CodeIgniter\Debug\Exceptions->errorHandler(8, 'Undefined varia...', 'E:\\Projects\\htd...', 187, Array)
#1 E:\Projects\htdocs\thinkframe_beanstalk\system\View\View.php(230): include('E:\\Projects\\htd...')
#2 E:\Projects\htdocs\thinkframe_beanstalk\system\View\View.php(232): CodeIgniter\View\View->CodeIgniter\View\{closure}()
#3 E:\Projects\htdocs\thinkframe_beanstalk\system\Common.php(1250): CodeIgniter\View\View->render('thinkframe/quiz', Array, true)
#4 E:\Projects\htdocs\thinkframe_beanstalk\app\Controllers\Thinkframe.php(107): view('thinkframe/quiz', Array)
#5 E:\Projects\htdocs\thinkframe_beanstalk\system\CodeIgniter.php(931): App\Controllers\Thinkframe->quiz()
#6 E:\Projects\htdocs\thinkframe_beanstalk\system\CodeIgniter.php(439): CodeIgniter\CodeIgniter->runController(Object(App\Controllers\Thinkframe))
#7 E:\Projects\htdocs\thinkframe_beanstalk\system\CodeIgniter.php(339): CodeIgniter\CodeIgniter->handleRequest(NULL, Object(Config\Cache), false)
#8 E:\Projects\htdocs\thinkframe_beanstalk\public\index.php(36): CodeIgniter\CodeIgniter->run()
#9 {main}
CRITICAL - 2021-06-20 06:38:08 --> date() expects at least 1 parameter, 0 given
#0 [internal function]: CodeIgniter\Debug\Exceptions->errorHandler(2, 'date() expects ...', 'E:\\Projects\\htd...', 399, Array)
#1 E:\Projects\htdocs\thinkframe_beanstalk\app\Views\thinkframe\quiz.php(399): date()
#2 E:\Projects\htdocs\thinkframe_beanstalk\system\View\View.php(230): include('E:\\Projects\\htd...')
#3 E:\Projects\htdocs\thinkframe_beanstalk\system\View\View.php(232): CodeIgniter\View\View->CodeIgniter\View\{closure}()
#4 E:\Projects\htdocs\thinkframe_beanstalk\system\Common.php(1250): CodeIgniter\View\View->render('thinkframe/quiz', Array, true)
#5 E:\Projects\htdocs\thinkframe_beanstalk\app\Controllers\Thinkframe.php(107): view('thinkframe/quiz', Array)
#6 E:\Projects\htdocs\thinkframe_beanstalk\system\CodeIgniter.php(931): App\Controllers\Thinkframe->quiz()
#7 E:\Projects\htdocs\thinkframe_beanstalk\system\CodeIgniter.php(439): CodeIgniter\CodeIgniter->runController(Object(App\Controllers\Thinkframe))
#8 E:\Projects\htdocs\thinkframe_beanstalk\system\CodeIgniter.php(339): CodeIgniter\CodeIgniter->handleRequest(NULL, Object(Config\Cache), false)
#9 E:\Projects\htdocs\thinkframe_beanstalk\public\index.php(36): CodeIgniter\CodeIgniter->run()
#10 {main}
CRITICAL - 2021-06-20 17:24:06 --> There is no data to update.
#0 E:\Projects\htdocs\thinkframe_beanstalk\system\BaseModel.php(1668): CodeIgniter\Database\Exceptions\DataException::forEmptyDataset('update')
#1 E:\Projects\htdocs\thinkframe_beanstalk\system\BaseModel.php(880): CodeIgniter\BaseModel->transformDataToArray(NULL, 'update')
#2 E:\Projects\htdocs\thinkframe_beanstalk\system\Model.php(718): CodeIgniter\BaseModel->update(Array, NULL)
#3 E:\Projects\htdocs\thinkframe_beanstalk\app\Models\AuthModel.php(162): CodeIgniter\Model->update(Array)
#4 E:\Projects\htdocs\thinkframe_beanstalk\app\Libraries\AuthLibrary.php(795): App\Models\AuthModel->UpdateSelector(Array, 'a4d36bafc6b5')
#5 E:\Projects\htdocs\thinkframe_beanstalk\app\Libraries\AuthLibrary.php(748): App\libraries\AuthLibrary->rememberMeReset('1', 'a4d36bafc6b5')
#6 E:\Projects\htdocs\thinkframe_beanstalk\app\Controllers\Auth.php(57): App\libraries\AuthLibrary->checkCookie()
#7 E:\Projects\htdocs\thinkframe_beanstalk\system\CodeIgniter.php(931): App\Controllers\Auth->login()
#8 E:\Projects\htdocs\thinkframe_beanstalk\system\CodeIgniter.php(439): CodeIgniter\CodeIgniter->runController(Object(App\Controllers\Auth))
#9 E:\Projects\htdocs\thinkframe_beanstalk\system\CodeIgniter.php(339): CodeIgniter\CodeIgniter->handleRequest(NULL, Object(Config\Cache), false)
#10 E:\Projects\htdocs\thinkframe_beanstalk\public\index.php(36): CodeIgniter\CodeIgniter->run()
#11 {main}
CRITICAL - 2021-06-20 17:24:10 --> There is no data to update.
#0 E:\Projects\htdocs\thinkframe_beanstalk\system\BaseModel.php(1668): CodeIgniter\Database\Exceptions\DataException::forEmptyDataset('update')
#1 E:\Projects\htdocs\thinkframe_beanstalk\system\BaseModel.php(880): CodeIgniter\BaseModel->transformDataToArray(NULL, 'update')
#2 E:\Projects\htdocs\thinkframe_beanstalk\system\Model.php(718): CodeIgniter\BaseModel->update(Array, NULL)
#3 E:\Projects\htdocs\thinkframe_beanstalk\app\Models\AuthModel.php(162): CodeIgniter\Model->update(Array)
#4 E:\Projects\htdocs\thinkframe_beanstalk\app\Libraries\AuthLibrary.php(795): App\Models\AuthModel->UpdateSelector(Array, 'a4d36bafc6b5')
#5 E:\Projects\htdocs\thinkframe_beanstalk\app\Libraries\AuthLibrary.php(748): App\libraries\AuthLibrary->rememberMeReset('1', 'a4d36bafc6b5')
#6 E:\Projects\htdocs\thinkframe_beanstalk\app\Controllers\Auth.php(57): App\libraries\AuthLibrary->checkCookie()
#7 E:\Projects\htdocs\thinkframe_beanstalk\system\CodeIgniter.php(931): App\Controllers\Auth->login()
#8 E:\Projects\htdocs\thinkframe_beanstalk\system\CodeIgniter.php(439): CodeIgniter\CodeIgniter->runController(Object(App\Controllers\Auth))
#9 E:\Projects\htdocs\thinkframe_beanstalk\system\CodeIgniter.php(339): CodeIgniter\CodeIgniter->handleRequest(NULL, Object(Config\Cache), false)
#10 E:\Projects\htdocs\thinkframe_beanstalk\public\index.php(36): CodeIgniter\CodeIgniter->run()
#11 {main}
CRITICAL - 2021-06-20 17:24:18 --> There is no data to update.
#0 E:\Projects\htdocs\thinkframe_beanstalk\system\BaseModel.php(1668): CodeIgniter\Database\Exceptions\DataException::forEmptyDataset('update')
#1 E:\Projects\htdocs\thinkframe_beanstalk\system\BaseModel.php(880): CodeIgniter\BaseModel->transformDataToArray(NULL, 'update')
#2 E:\Projects\htdocs\thinkframe_beanstalk\system\Model.php(718): CodeIgniter\BaseModel->update(Array, NULL)
#3 E:\Projects\htdocs\thinkframe_beanstalk\app\Models\AuthModel.php(162): CodeIgniter\Model->update(Array)
#4 E:\Projects\htdocs\thinkframe_beanstalk\app\Libraries\AuthLibrary.php(795): App\Models\AuthModel->UpdateSelector(Array, 'a4d36bafc6b5')
#5 E:\Projects\htdocs\thinkframe_beanstalk\app\Libraries\AuthLibrary.php(748): App\libraries\AuthLibrary->rememberMeReset('1', 'a4d36bafc6b5')
#6 E:\Projects\htdocs\thinkframe_beanstalk\app\Controllers\Auth.php(57): App\libraries\AuthLibrary->checkCookie()
#7 E:\Projects\htdocs\thinkframe_beanstalk\system\CodeIgniter.php(931): App\Controllers\Auth->login()
#8 E:\Projects\htdocs\thinkframe_beanstalk\system\CodeIgniter.php(439): CodeIgniter\CodeIgniter->runController(Object(App\Controllers\Auth))
#9 E:\Projects\htdocs\thinkframe_beanstalk\system\CodeIgniter.php(339): CodeIgniter\CodeIgniter->handleRequest(NULL, Object(Config\Cache), false)
#10 E:\Projects\htdocs\thinkframe_beanstalk\public\index.php(36): CodeIgniter\CodeIgniter->run()
#11 {main}
