ERROR - 2021-07-13 06:24:58 --> Table 'thinkframe_1_5.users' doesn't exist
CRITICAL - 2021-07-13 06:24:58 --> Table 'thinkframe_1_5.users' doesn't exist
#0 E:\Projects\htdocs\thinkframe\system\Database\MySQLi\Connection.php(329): mysqli->query('SELECT *\nFROM `...')
#1 E:\Projects\htdocs\thinkframe\system\Database\BaseConnection.php(732): CodeIgniter\Database\MySQLi\Connection->execute('SELECT *\nFROM `...')
#2 E:\Projects\htdocs\thinkframe\system\Database\BaseConnection.php(647): CodeIgniter\Database\BaseConnection->simpleQuery('SELECT *\nFROM `...')
#3 E:\Projects\htdocs\thinkframe\system\Database\BaseBuilder.php(1881): CodeIgniter\Database\BaseConnection->query('SELECT *\nFROM `...', Array, false)
#4 E:\Projects\htdocs\thinkframe\system\Model.php(228): CodeIgniter\Database\BaseBuilder->get()
#5 E:\Projects\htdocs\thinkframe\system\BaseModel.php(644): CodeIgniter\Model->doFirst()
#6 E:\Projects\htdocs\thinkframe\app\Validation\AuthRules.php(31): CodeIgniter\BaseModel->first()
#7 E:\Projects\htdocs\thinkframe\system\Validation\Validation.php(312): App\Validation\AuthRules->validateUser('123456', 'email,password', Array, NULL)
#8 E:\Projects\htdocs\thinkframe\system\Validation\Validation.php(159): CodeIgniter\Validation\Validation->processRules('password', 'password', '123456', Array, Array)
#9 E:\Projects\htdocs\thinkframe\system\Controller.php(183): CodeIgniter\Validation\Validation->run()
#10 E:\Projects\htdocs\thinkframe\app\Controllers\Auth.php(75): CodeIgniter\Controller->validate(Array, Array)
#11 E:\Projects\htdocs\thinkframe\system\CodeIgniter.php(931): App\Controllers\Auth->login()
#12 E:\Projects\htdocs\thinkframe\system\CodeIgniter.php(439): CodeIgniter\CodeIgniter->runController(Object(App\Controllers\Auth))
#13 E:\Projects\htdocs\thinkframe\system\CodeIgniter.php(339): CodeIgniter\CodeIgniter->handleRequest(NULL, Object(Config\Cache), false)
#14 E:\Projects\htdocs\thinkframe\public\index.php(36): CodeIgniter\CodeIgniter->run()
#15 {main}
CRITICAL - 2021-07-13 06:29:42 --> Maximum execution time of 120 seconds exceeded
#0 [internal function]: CodeIgniter\Debug\Exceptions->shutdownHandler()
#1 {main}
CRITICAL - 2021-07-13 06:30:01 --> Maximum execution time of 120 seconds exceeded
#0 [internal function]: CodeIgniter\Debug\Exceptions->shutdownHandler()
#1 {main}
CRITICAL - 2021-07-13 06:30:26 --> Maximum execution time of 120 seconds exceeded
#0 [internal function]: CodeIgniter\Debug\Exceptions->shutdownHandler()
#1 {main}
CRITICAL - 2021-07-13 07:35:55 --> Call to undefined method CodeIgniter\HTTP\RedirectResponse::url()
#0 E:\Projects\htdocs\thinkframe\system\CodeIgniter.php(931): App\Controllers\Excelsheet->test()
#1 E:\Projects\htdocs\thinkframe\system\CodeIgniter.php(439): CodeIgniter\CodeIgniter->runController(Object(App\Controllers\Excelsheet))
#2 E:\Projects\htdocs\thinkframe\system\CodeIgniter.php(339): CodeIgniter\CodeIgniter->handleRequest(NULL, Object(Config\Cache), false)
#3 E:\Projects\htdocs\thinkframe\public\index.php(36): CodeIgniter\CodeIgniter->run()
#4 {main}
CRITICAL - 2021-07-13 07:36:41 --> Undefined variable: menu
#0 E:\Projects\htdocs\thinkframe\app\Views\thinkframe\spreadsheet.php(131): CodeIgniter\Debug\Exceptions->errorHandler(8, 'Undefined varia...', 'E:\\Projects\\htd...', 131, Array)
#1 E:\Projects\htdocs\thinkframe\system\View\View.php(230): include('E:\\Projects\\htd...')
#2 E:\Projects\htdocs\thinkframe\system\View\View.php(232): CodeIgniter\View\View->CodeIgniter\View\{closure}()
#3 E:\Projects\htdocs\thinkframe\system\Common.php(1250): CodeIgniter\View\View->render('thinkframe/spre...', Array, true)
#4 E:\Projects\htdocs\thinkframe\app\Controllers\Excelsheet.php(27): view('thinkframe/spre...')
#5 E:\Projects\htdocs\thinkframe\system\CodeIgniter.php(931): App\Controllers\Excelsheet->index()
#6 E:\Projects\htdocs\thinkframe\system\CodeIgniter.php(439): CodeIgniter\CodeIgniter->runController(Object(App\Controllers\Excelsheet))
#7 E:\Projects\htdocs\thinkframe\system\CodeIgniter.php(339): CodeIgniter\CodeIgniter->handleRequest(NULL, Object(Config\Cache), false)
#8 E:\Projects\htdocs\thinkframe\public\index.php(36): CodeIgniter\CodeIgniter->run()
#9 {main}
