CRITICAL - 2021-06-28 00:44:15 --> updateBatch() called with no data
#0 E:\Projects\htdocs\thinkframe_beanstalk\app\Controllers\Getdatainjson.php(1943): CodeIgniter\Database\BaseBuilder->updateBatch(Array, 'option_hyp_id')
#1 E:\Projects\htdocs\thinkframe_beanstalk\system\CodeIgniter.php(931): App\Controllers\Getdatainjson->update_option_hyp()
#2 E:\Projects\htdocs\thinkframe_beanstalk\system\CodeIgniter.php(439): CodeIgniter\CodeIgniter->runController(Object(App\Controllers\Getdatainjson))
#3 E:\Projects\htdocs\thinkframe_beanstalk\system\CodeIgniter.php(339): CodeIgniter\CodeIgniter->handleRequest(NULL, Object(Config\Cache), false)
#4 E:\Projects\htdocs\thinkframe_beanstalk\public\index.php(36): CodeIgniter\CodeIgniter->run()
#5 {main}
ERROR - 2021-06-28 19:37:46 --> Unknown column 'hyps.scope_id' in 'where clause'
CRITICAL - 2021-06-28 19:37:46 --> Unknown column 'hyps.scope_id' in 'where clause'
#0 E:\Projects\htdocs\thinkframe_beanstalk\system\Database\MySQLi\Connection.php(329): mysqli->query('SELECT *, `advi...')
#1 E:\Projects\htdocs\thinkframe_beanstalk\system\Database\BaseConnection.php(732): CodeIgniter\Database\MySQLi\Connection->execute('SELECT *, `advi...')
#2 E:\Projects\htdocs\thinkframe_beanstalk\system\Database\BaseConnection.php(647): CodeIgniter\Database\BaseConnection->simpleQuery('SELECT *, `advi...')
#3 E:\Projects\htdocs\thinkframe_beanstalk\system\Database\BaseBuilder.php(1881): CodeIgniter\Database\BaseConnection->query('SELECT *, `advi...', Array, false)
#4 E:\Projects\htdocs\thinkframe_beanstalk\app\Controllers\Getdatainjson.php(1375): CodeIgniter\Database\BaseBuilder->get()
#5 E:\Projects\htdocs\thinkframe_beanstalk\system\CodeIgniter.php(931): App\Controllers\Getdatainjson->advices()
#6 E:\Projects\htdocs\thinkframe_beanstalk\system\CodeIgniter.php(439): CodeIgniter\CodeIgniter->runController(Object(App\Controllers\Getdatainjson))
#7 E:\Projects\htdocs\thinkframe_beanstalk\system\CodeIgniter.php(339): CodeIgniter\CodeIgniter->handleRequest(NULL, Object(Config\Cache), false)
#8 E:\Projects\htdocs\thinkframe_beanstalk\public\index.php(36): CodeIgniter\CodeIgniter->run()
#9 {main}
CRITICAL - 2021-06-28 23:40:36 --> array_multisort(): Array sizes are inconsistent
#0 [internal function]: CodeIgniter\Debug\Exceptions->errorHandler(2, 'array_multisort...', 'E:\\Projects\\htd...', 1510, Array)
#1 E:\Projects\htdocs\thinkframe_beanstalk\app\Controllers\Getdatainjson.php(1510): array_multisort(Array, 3, Array)
#2 E:\Projects\htdocs\thinkframe_beanstalk\system\CodeIgniter.php(931): App\Controllers\Getdatainjson->advices()
#3 E:\Projects\htdocs\thinkframe_beanstalk\system\CodeIgniter.php(439): CodeIgniter\CodeIgniter->runController(Object(App\Controllers\Getdatainjson))
#4 E:\Projects\htdocs\thinkframe_beanstalk\system\CodeIgniter.php(339): CodeIgniter\CodeIgniter->handleRequest(NULL, Object(Config\Cache), false)
#5 E:\Projects\htdocs\thinkframe_beanstalk\public\index.php(36): CodeIgniter\CodeIgniter->run()
#6 {main}
CRITICAL - 2021-06-28 23:40:44 --> array_multisort(): Array sizes are inconsistent
#0 [internal function]: CodeIgniter\Debug\Exceptions->errorHandler(2, 'array_multisort...', 'E:\\Projects\\htd...', 1510, Array)
#1 E:\Projects\htdocs\thinkframe_beanstalk\app\Controllers\Getdatainjson.php(1510): array_multisort(Array, 3, Array)
#2 E:\Projects\htdocs\thinkframe_beanstalk\system\CodeIgniter.php(931): App\Controllers\Getdatainjson->advices()
#3 E:\Projects\htdocs\thinkframe_beanstalk\system\CodeIgniter.php(439): CodeIgniter\CodeIgniter->runController(Object(App\Controllers\Getdatainjson))
#4 E:\Projects\htdocs\thinkframe_beanstalk\system\CodeIgniter.php(339): CodeIgniter\CodeIgniter->handleRequest(NULL, Object(Config\Cache), false)
#5 E:\Projects\htdocs\thinkframe_beanstalk\public\index.php(36): CodeIgniter\CodeIgniter->run()
#6 {main}
