CRITICAL - 2021-05-31 00:02:15 --> Trying to get property 'option_id' of non-object
#0 E:\Projects\htdocs\thinkframe\app\Controllers\Getdatainjson.php(45): CodeIgniter\Debug\Exceptions->errorHandler(8, 'Trying to get p...', 'E:\\Projects\\htd...', 45, Array)
#1 E:\Projects\htdocs\thinkframe\system\CodeIgniter.php(931): App\Controllers\Getdatainjson->getMaxIds()
#2 E:\Projects\htdocs\thinkframe\system\CodeIgniter.php(439): CodeIgniter\CodeIgniter->runController(Object(App\Controllers\Getdatainjson))
#3 E:\Projects\htdocs\thinkframe\system\CodeIgniter.php(339): CodeIgniter\CodeIgniter->handleRequest(NULL, Object(Config\Cache), false)
#4 E:\Projects\htdocs\thinkframe\public\index.php(36): CodeIgniter\CodeIgniter->run()
#5 {main}
CRITICAL - 2021-05-31 00:04:30 --> Cannot use isset() on the result of an expression (you can use "null !== expression" instead)
#0 [internal function]: CodeIgniter\Debug\Exceptions->shutdownHandler()
#1 {main}
CRITICAL - 2021-05-31 00:05:05 --> Trying to get property 'option_id' of non-object
#0 E:\Projects\htdocs\thinkframe\app\Controllers\Getdatainjson.php(46): CodeIgniter\Debug\Exceptions->errorHandler(8, 'Trying to get p...', 'E:\\Projects\\htd...', 46, Array)
#1 E:\Projects\htdocs\thinkframe\system\CodeIgniter.php(931): App\Controllers\Getdatainjson->getMaxIds()
#2 E:\Projects\htdocs\thinkframe\system\CodeIgniter.php(439): CodeIgniter\CodeIgniter->runController(Object(App\Controllers\Getdatainjson))
#3 E:\Projects\htdocs\thinkframe\system\CodeIgniter.php(339): CodeIgniter\CodeIgniter->handleRequest(NULL, Object(Config\Cache), false)
#4 E:\Projects\htdocs\thinkframe\public\index.php(36): CodeIgniter\CodeIgniter->run()
#5 {main}
CRITICAL - 2021-05-31 00:06:54 --> Trying to get property 'option_hyp_id' of non-object
#0 E:\Projects\htdocs\thinkframe\app\Controllers\Getdatainjson.php(50): CodeIgniter\Debug\Exceptions->errorHandler(8, 'Trying to get p...', 'E:\\Projects\\htd...', 50, Array)
#1 E:\Projects\htdocs\thinkframe\system\CodeIgniter.php(931): App\Controllers\Getdatainjson->getMaxIds()
#2 E:\Projects\htdocs\thinkframe\system\CodeIgniter.php(439): CodeIgniter\CodeIgniter->runController(Object(App\Controllers\Getdatainjson))
#3 E:\Projects\htdocs\thinkframe\system\CodeIgniter.php(339): CodeIgniter\CodeIgniter->handleRequest(NULL, Object(Config\Cache), false)
#4 E:\Projects\htdocs\thinkframe\public\index.php(36): CodeIgniter\CodeIgniter->run()
#5 {main}
ERROR - 2021-05-31 01:05:24 --> You have an error in your SQL syntax; check the manual that corresponds to your MariaDB server version for the right syntax to use near '.* from questions' at line 1
CRITICAL - 2021-05-31 01:05:24 --> You have an error in your SQL syntax; check the manual that corresponds to your MariaDB server version for the right syntax to use near '.* from questions' at line 1
#0 E:\Projects\htdocs\thinkframe\system\Database\MySQLi\Connection.php(329): mysqli->query('select *.* from...')
#1 E:\Projects\htdocs\thinkframe\system\Database\BaseConnection.php(732): CodeIgniter\Database\MySQLi\Connection->execute('select *.* from...')
#2 E:\Projects\htdocs\thinkframe\system\Database\BaseConnection.php(647): CodeIgniter\Database\BaseConnection->simpleQuery('select *.* from...')
#3 E:\Projects\htdocs\thinkframe\app\Controllers\Getdatainjson.php(26): CodeIgniter\Database\BaseConnection->query('select *.* from...')
#4 E:\Projects\htdocs\thinkframe\system\CodeIgniter.php(931): App\Controllers\Getdatainjson->questions()
#5 E:\Projects\htdocs\thinkframe\system\CodeIgniter.php(439): CodeIgniter\CodeIgniter->runController(Object(App\Controllers\Getdatainjson))
#6 E:\Projects\htdocs\thinkframe\system\CodeIgniter.php(339): CodeIgniter\CodeIgniter->handleRequest(NULL, Object(Config\Cache), false)
#7 E:\Projects\htdocs\thinkframe\public\index.php(36): CodeIgniter\CodeIgniter->run()
#8 {main}
CRITICAL - 2021-05-31 01:05:40 --> Cannot use object of type stdClass as array
#0 E:\Projects\htdocs\thinkframe\system\CodeIgniter.php(931): App\Controllers\Getdatainjson->questions()
#1 E:\Projects\htdocs\thinkframe\system\CodeIgniter.php(439): CodeIgniter\CodeIgniter->runController(Object(App\Controllers\Getdatainjson))
#2 E:\Projects\htdocs\thinkframe\system\CodeIgniter.php(339): CodeIgniter\CodeIgniter->handleRequest(NULL, Object(Config\Cache), false)
#3 E:\Projects\htdocs\thinkframe\public\index.php(36): CodeIgniter\CodeIgniter->run()
#4 {main}
CRITICAL - 2021-05-31 01:06:08 --> Undefined variable: question_id
#0 E:\Projects\htdocs\thinkframe\app\Controllers\Getdatainjson.php(33): CodeIgniter\Debug\Exceptions->errorHandler(8, 'Undefined varia...', 'E:\\Projects\\htd...', 33, Array)
#1 E:\Projects\htdocs\thinkframe\system\CodeIgniter.php(931): App\Controllers\Getdatainjson->questions()
#2 E:\Projects\htdocs\thinkframe\system\CodeIgniter.php(439): CodeIgniter\CodeIgniter->runController(Object(App\Controllers\Getdatainjson))
#3 E:\Projects\htdocs\thinkframe\system\CodeIgniter.php(339): CodeIgniter\CodeIgniter->handleRequest(NULL, Object(Config\Cache), false)
#4 E:\Projects\htdocs\thinkframe\public\index.php(36): CodeIgniter\CodeIgniter->run()
#5 {main}
CRITICAL - 2021-05-31 01:06:20 --> Cannot use object of type stdClass as array
#0 E:\Projects\htdocs\thinkframe\system\CodeIgniter.php(931): App\Controllers\Getdatainjson->questions()
#1 E:\Projects\htdocs\thinkframe\system\CodeIgniter.php(439): CodeIgniter\CodeIgniter->runController(Object(App\Controllers\Getdatainjson))
#2 E:\Projects\htdocs\thinkframe\system\CodeIgniter.php(339): CodeIgniter\CodeIgniter->handleRequest(NULL, Object(Config\Cache), false)
#3 E:\Projects\htdocs\thinkframe\public\index.php(36): CodeIgniter\CodeIgniter->run()
#4 {main}
CRITICAL - 2021-05-31 01:07:32 --> Call to a member function toArray() on array
#0 E:\Projects\htdocs\thinkframe\system\CodeIgniter.php(931): App\Controllers\Getdatainjson->questions()
#1 E:\Projects\htdocs\thinkframe\system\CodeIgniter.php(439): CodeIgniter\CodeIgniter->runController(Object(App\Controllers\Getdatainjson))
#2 E:\Projects\htdocs\thinkframe\system\CodeIgniter.php(339): CodeIgniter\CodeIgniter->handleRequest(NULL, Object(Config\Cache), false)
#3 E:\Projects\htdocs\thinkframe\public\index.php(36): CodeIgniter\CodeIgniter->run()
#4 {main}
CRITICAL - 2021-05-31 01:12:44 --> Undefined index: hyp_content
#0 E:\Projects\htdocs\thinkframe\app\Controllers\Getdatainjson.php(42): CodeIgniter\Debug\Exceptions->errorHandler(8, 'Undefined index...', 'E:\\Projects\\htd...', 42, Array)
#1 E:\Projects\htdocs\thinkframe\system\CodeIgniter.php(931): App\Controllers\Getdatainjson->questions()
#2 E:\Projects\htdocs\thinkframe\system\CodeIgniter.php(439): CodeIgniter\CodeIgniter->runController(Object(App\Controllers\Getdatainjson))
#3 E:\Projects\htdocs\thinkframe\system\CodeIgniter.php(339): CodeIgniter\CodeIgniter->handleRequest(NULL, Object(Config\Cache), false)
#4 E:\Projects\htdocs\thinkframe\public\index.php(36): CodeIgniter\CodeIgniter->run()
#5 {main}
CRITICAL - 2021-05-31 01:13:00 --> Undefined index: hyp_point
#0 E:\Projects\htdocs\thinkframe\app\Controllers\Getdatainjson.php(42): CodeIgniter\Debug\Exceptions->errorHandler(8, 'Undefined index...', 'E:\\Projects\\htd...', 42, Array)
#1 E:\Projects\htdocs\thinkframe\system\CodeIgniter.php(931): App\Controllers\Getdatainjson->questions()
#2 E:\Projects\htdocs\thinkframe\system\CodeIgniter.php(439): CodeIgniter\CodeIgniter->runController(Object(App\Controllers\Getdatainjson))
#3 E:\Projects\htdocs\thinkframe\system\CodeIgniter.php(339): CodeIgniter\CodeIgniter->handleRequest(NULL, Object(Config\Cache), false)
#4 E:\Projects\htdocs\thinkframe\public\index.php(36): CodeIgniter\CodeIgniter->run()
#5 {main}
CRITICAL - 2021-05-31 01:14:08 --> array_push() expects parameter 1 to be array, null given
#0 [internal function]: CodeIgniter\Debug\Exceptions->errorHandler(2, 'array_push() ex...', 'E:\\Projects\\htd...', 42, Array)
#1 E:\Projects\htdocs\thinkframe\app\Controllers\Getdatainjson.php(42): array_push(NULL, Array)
#2 E:\Projects\htdocs\thinkframe\system\CodeIgniter.php(931): App\Controllers\Getdatainjson->questions()
#3 E:\Projects\htdocs\thinkframe\system\CodeIgniter.php(439): CodeIgniter\CodeIgniter->runController(Object(App\Controllers\Getdatainjson))
#4 E:\Projects\htdocs\thinkframe\system\CodeIgniter.php(339): CodeIgniter\CodeIgniter->handleRequest(NULL, Object(Config\Cache), false)
#5 E:\Projects\htdocs\thinkframe\public\index.php(36): CodeIgniter\CodeIgniter->run()
#6 {main}
CRITICAL - 2021-05-31 01:14:43 --> Undefined index: hyp_point
#0 E:\Projects\htdocs\thinkframe\app\Controllers\Getdatainjson.php(42): CodeIgniter\Debug\Exceptions->errorHandler(8, 'Undefined index...', 'E:\\Projects\\htd...', 42, Array)
#1 E:\Projects\htdocs\thinkframe\system\CodeIgniter.php(931): App\Controllers\Getdatainjson->questions()
#2 E:\Projects\htdocs\thinkframe\system\CodeIgniter.php(439): CodeIgniter\CodeIgniter->runController(Object(App\Controllers\Getdatainjson))
#3 E:\Projects\htdocs\thinkframe\system\CodeIgniter.php(339): CodeIgniter\CodeIgniter->handleRequest(NULL, Object(Config\Cache), false)
#4 E:\Projects\htdocs\thinkframe\public\index.php(36): CodeIgniter\CodeIgniter->run()
#5 {main}
CRITICAL - 2021-05-31 01:15:39 --> array_push() expects parameter 1 to be array, null given
#0 [internal function]: CodeIgniter\Debug\Exceptions->errorHandler(2, 'array_push() ex...', 'E:\\Projects\\htd...', 42, Array)
#1 E:\Projects\htdocs\thinkframe\app\Controllers\Getdatainjson.php(42): array_push(NULL, Array)
#2 E:\Projects\htdocs\thinkframe\system\CodeIgniter.php(931): App\Controllers\Getdatainjson->questions()
#3 E:\Projects\htdocs\thinkframe\system\CodeIgniter.php(439): CodeIgniter\CodeIgniter->runController(Object(App\Controllers\Getdatainjson))
#4 E:\Projects\htdocs\thinkframe\system\CodeIgniter.php(339): CodeIgniter\CodeIgniter->handleRequest(NULL, Object(Config\Cache), false)
#5 E:\Projects\htdocs\thinkframe\public\index.php(36): CodeIgniter\CodeIgniter->run()
#6 {main}
CRITICAL - 2021-05-31 01:19:14 --> syntax error, unexpected '=>' (T_DOUBLE_ARROW), expecting ')'
#0 E:\Projects\htdocs\thinkframe\system\Router\Router.php(169): CodeIgniter\Router\Router->autoRoute('getdatainjson/q...')
#1 E:\Projects\htdocs\thinkframe\system\CodeIgniter.php(812): CodeIgniter\Router\Router->handle('getdatainjson/q...')
#2 E:\Projects\htdocs\thinkframe\system\CodeIgniter.php(392): CodeIgniter\CodeIgniter->tryToRouteIt(Object(CodeIgniter\Router\RouteCollection))
#3 E:\Projects\htdocs\thinkframe\system\CodeIgniter.php(339): CodeIgniter\CodeIgniter->handleRequest(NULL, Object(Config\Cache), false)
#4 E:\Projects\htdocs\thinkframe\public\index.php(36): CodeIgniter\CodeIgniter->run()
#5 {main}
CRITICAL - 2021-05-31 01:19:36 --> syntax error, unexpected '=>' (T_DOUBLE_ARROW), expecting ')'
#0 E:\Projects\htdocs\thinkframe\system\Router\Router.php(169): CodeIgniter\Router\Router->autoRoute('getdatainjson/q...')
#1 E:\Projects\htdocs\thinkframe\system\CodeIgniter.php(812): CodeIgniter\Router\Router->handle('getdatainjson/q...')
#2 E:\Projects\htdocs\thinkframe\system\CodeIgniter.php(392): CodeIgniter\CodeIgniter->tryToRouteIt(Object(CodeIgniter\Router\RouteCollection))
#3 E:\Projects\htdocs\thinkframe\system\CodeIgniter.php(339): CodeIgniter\CodeIgniter->handleRequest(NULL, Object(Config\Cache), false)
#4 E:\Projects\htdocs\thinkframe\public\index.php(36): CodeIgniter\CodeIgniter->run()
#5 {main}
CRITICAL - 2021-05-31 01:20:20 --> syntax error, unexpected '=>' (T_DOUBLE_ARROW), expecting ')'
#0 E:\Projects\htdocs\thinkframe\system\Router\Router.php(169): CodeIgniter\Router\Router->autoRoute('getdatainjson/q...')
#1 E:\Projects\htdocs\thinkframe\system\CodeIgniter.php(812): CodeIgniter\Router\Router->handle('getdatainjson/q...')
#2 E:\Projects\htdocs\thinkframe\system\CodeIgniter.php(392): CodeIgniter\CodeIgniter->tryToRouteIt(Object(CodeIgniter\Router\RouteCollection))
#3 E:\Projects\htdocs\thinkframe\system\CodeIgniter.php(339): CodeIgniter\CodeIgniter->handleRequest(NULL, Object(Config\Cache), false)
#4 E:\Projects\htdocs\thinkframe\public\index.php(36): CodeIgniter\CodeIgniter->run()
#5 {main}
CRITICAL - 2021-05-31 01:23:33 --> array_push() expects parameter 1 to be array, null given
#0 [internal function]: CodeIgniter\Debug\Exceptions->errorHandler(2, 'array_push() ex...', 'E:\\Projects\\htd...', 43, Array)
#1 E:\Projects\htdocs\thinkframe\app\Controllers\Getdatainjson.php(43): array_push(NULL, Array)
#2 E:\Projects\htdocs\thinkframe\system\CodeIgniter.php(931): App\Controllers\Getdatainjson->questions()
#3 E:\Projects\htdocs\thinkframe\system\CodeIgniter.php(439): CodeIgniter\CodeIgniter->runController(Object(App\Controllers\Getdatainjson))
#4 E:\Projects\htdocs\thinkframe\system\CodeIgniter.php(339): CodeIgniter\CodeIgniter->handleRequest(NULL, Object(Config\Cache), false)
#5 E:\Projects\htdocs\thinkframe\public\index.php(36): CodeIgniter\CodeIgniter->run()
#6 {main}
CRITICAL - 2021-05-31 02:41:45 --> Call to a member function toString() on array
#0 E:\Projects\htdocs\thinkframe\system\CodeIgniter.php(931): App\Controllers\Getdatainjson->questions()
#1 E:\Projects\htdocs\thinkframe\system\CodeIgniter.php(439): CodeIgniter\CodeIgniter->runController(Object(App\Controllers\Getdatainjson))
#2 E:\Projects\htdocs\thinkframe\system\CodeIgniter.php(339): CodeIgniter\CodeIgniter->handleRequest(NULL, Object(Config\Cache), false)
#3 E:\Projects\htdocs\thinkframe\public\index.php(36): CodeIgniter\CodeIgniter->run()
#4 {main}
ERROR - 2021-05-31 03:02:51 --> Duplicate entry '5' for key 'PRIMARY'
CRITICAL - 2021-05-31 03:02:51 --> Duplicate entry '5' for key 'PRIMARY'
#0 E:\Projects\htdocs\thinkframe\system\Database\MySQLi\Connection.php(329): mysqli->query('INSERT INTO `op...')
#1 E:\Projects\htdocs\thinkframe\system\Database\BaseConnection.php(732): CodeIgniter\Database\MySQLi\Connection->execute('INSERT INTO `op...')
#2 E:\Projects\htdocs\thinkframe\system\Database\BaseConnection.php(647): CodeIgniter\Database\BaseConnection->simpleQuery('INSERT INTO `op...')
#3 E:\Projects\htdocs\thinkframe\system\Database\BaseBuilder.php(2277): CodeIgniter\Database\BaseConnection->query('INSERT INTO `op...', Array, false)
#4 E:\Projects\htdocs\thinkframe\app\Models\model_option.php(38): CodeIgniter\Database\BaseBuilder->insert(Array)
#5 E:\Projects\htdocs\thinkframe\app\Controllers\Getdatainjson.php(141): App\Models\Model_option->addOption(Array)
#6 E:\Projects\htdocs\thinkframe\system\CodeIgniter.php(931): App\Controllers\Getdatainjson->addoption()
#7 E:\Projects\htdocs\thinkframe\system\CodeIgniter.php(439): CodeIgniter\CodeIgniter->runController(Object(App\Controllers\Getdatainjson))
#8 E:\Projects\htdocs\thinkframe\system\CodeIgniter.php(339): CodeIgniter\CodeIgniter->handleRequest(NULL, Object(Config\Cache), false)
#9 E:\Projects\htdocs\thinkframe\public\index.php(36): CodeIgniter\CodeIgniter->run()
#10 {main}
CRITICAL - 2021-05-31 19:21:14 --> Undefined index: option_hyp_id
#0 E:\Projects\htdocs\thinkframe\app\Controllers\Getdatainjson.php(160): CodeIgniter\Debug\Exceptions->errorHandler(8, 'Undefined index...', 'E:\\Projects\\htd...', 160, Array)
#1 E:\Projects\htdocs\thinkframe\system\CodeIgniter.php(931): App\Controllers\Getdatainjson->add_option_hyp()
#2 E:\Projects\htdocs\thinkframe\system\CodeIgniter.php(439): CodeIgniter\CodeIgniter->runController(Object(App\Controllers\Getdatainjson))
#3 E:\Projects\htdocs\thinkframe\system\CodeIgniter.php(339): CodeIgniter\CodeIgniter->handleRequest(NULL, Object(Config\Cache), false)
#4 E:\Projects\htdocs\thinkframe\public\index.php(36): CodeIgniter\CodeIgniter->run()
#5 {main}
CRITICAL - 2021-05-31 19:23:47 --> Undefined index: option_hyp_id
#0 E:\Projects\htdocs\thinkframe\app\Controllers\Getdatainjson.php(160): CodeIgniter\Debug\Exceptions->errorHandler(8, 'Undefined index...', 'E:\\Projects\\htd...', 160, Array)
#1 E:\Projects\htdocs\thinkframe\system\CodeIgniter.php(931): App\Controllers\Getdatainjson->add_option_hyp()
#2 E:\Projects\htdocs\thinkframe\system\CodeIgniter.php(439): CodeIgniter\CodeIgniter->runController(Object(App\Controllers\Getdatainjson))
#3 E:\Projects\htdocs\thinkframe\system\CodeIgniter.php(339): CodeIgniter\CodeIgniter->handleRequest(NULL, Object(Config\Cache), false)
#4 E:\Projects\htdocs\thinkframe\public\index.php(36): CodeIgniter\CodeIgniter->run()
#5 {main}
